
======================================================================
PRODUCTION OPTIMIZATION STUDY
======================================================================
Materials: YBCO, Rb87, Nb
Resolution: 41³
Grid size: 5³ = 125 points
Refinement: enabled (DE + Powell)
Caching: enabled
======================================================================


======================================================================
MATERIAL STUDY: YBCO Cuprate (90K)
======================================================================
Φ₀ = 6.67e+08 m⁻¹
ξ = 100.0
Resolution: 41³
Grid size: 5³ = 125 points

Phase 1: Grid Search
----------------------------------------------------------------------

======================================================================
GRID SEARCH: Coherent System Position
======================================================================
Grid: 5×5×5 = 125 points
x ∈ [-0.10, 0.10] m
y ∈ [-0.10, 0.10] m
z ∈ [-0.15, -0.05] m


3D Poisson Solver
   Grid: 41×41×41 = 68,921 points
   Domain: [-0.3, 0.3]³ m
   Resolution: Δx=0.015 m
   Coupling: ξ=100.0
   Evaluating ρ(x) and Φ(x)...
   Computing G_eff(x)...
   G_eff range: [1.340e-11, 1.000e+00] × G
   Building 68921×68921 sparse system...
   Converting to CSR format...
   Matrix sparsity: 99.99% (nnz=424,835)
   Building diagonal preconditioner...
   Diagonal preconditioner setup: 0.001 s
   Solving with CG with DIAGONAL preconditioner...
   ✅ Converged in 0.22 s!
   Relative residual: 9.246e-09
   φ range: [-3.239e-09, 0.000e+00] m²/s²

3D Poisson Solver
   Grid: 41×41×41 = 68,921 points
   Domain: [-0.3, 0.3]³ m
   Resolution: Δx=0.015 m
   Coupling: ξ=100.0
   Evaluating ρ(x) and Φ(x)...
   Computing G_eff(x)...
   G_eff range: [1.000e+00, 1.000e+00] × G
   Building 68921×68921 sparse system...
   Converting to CSR format...
   Matrix sparsity: 99.99% (nnz=424,835)
   Building diagonal preconditioner...
   Diagonal preconditioner setup: 0.001 s
   Solving with CG with DIAGONAL preconditioner...
   ✅ Converged in 0.22 s!
   Relative residual: 9.218e-09
   φ range: [-3.238e-09, 0.000e+00] m²/s²

3D Poisson Solver
   Grid: 41×41×41 = 68,921 points
   Domain: [-0.3, 0.3]³ m
   Resolution: Δx=0.015 m
   Coupling: ξ=100.0
   Evaluating ρ(x) and Φ(x)...
   Computing G_eff(x)...
   G_eff range: [1.340e-11, 1.000e+00] × G
   Building 68921×68921 sparse system...
   Converting to CSR format...
   Matrix sparsity: 99.99% (nnz=424,835)
   Building diagonal preconditioner...
   Diagonal preconditioner setup: 0.001 s
   Solving with CG with DIAGONAL preconditioner...
   ✅ Converged in 0.45 s!
   Relative residual: 8.377e-09
   φ range: [-3.239e-09, 0.000e+00] m²/s²

3D Poisson Solver
   Grid: 41×41×41 = 68,921 points
   Domain: [-0.3, 0.3]³ m
   Resolution: Δx=0.015 m
   Coupling: ξ=100.0
   Evaluating ρ(x) and Φ(x)...
   Computing G_eff(x)...
   G_eff range: [1.000e+00, 1.000e+00] × G
   Building 68921×68921 sparse system...
   Converting to CSR format...
   Matrix sparsity: 99.99% (nnz=424,835)
   Building diagonal preconditioner...
   Diagonal preconditioner setup: 0.001 s
   Solving with CG with DIAGONAL preconditioner...
   ✅ Converged in 0.20 s!
   Relative residual: 9.218e-09
   φ range: [-3.238e-09, 0.000e+00] m²/s²

3D Poisson Solver
   Grid: 41×41×41 = 68,921 points
   Domain: [-0.3, 0.3]³ m
   Resolution: Δx=0.015 m
   Coupling: ξ=100.0
   Evaluating ρ(x) and Φ(x)...
   Computing G_eff(x)...
   G_eff range: [1.340e-11, 1.000e+00] × G
   Building 68921×68921 sparse system...
   Converting to CSR format...
   Matrix sparsity: 99.99% (nnz=424,835)
   Building diagonal preconditioner...
   Diagonal preconditioner setup: 0.001 s
   Solving with CG with DIAGONAL preconditioner...
   ✅ Converged in 0.34 s!
   Relative residual: 8.099e-09
   φ range: [-3.239e-09, 0.000e+00] m²/s²

3D Poisson Solver
   Grid: 41×41×41 = 68,921 points
   Domain: [-0.3, 0.3]³ m
   Resolution: Δx=0.015 m
   Coupling: ξ=100.0
   Evaluating ρ(x) and Φ(x)...
   Computing G_eff(x)...
   G_eff range: [1.000e+00, 1.000e+00] × G
   Building 68921×68921 sparse system...
   Converting to CSR format...
   Matrix sparsity: 99.99% (nnz=424,835)
   Building diagonal preconditioner...
   Diagonal preconditioner setup: 0.001 s
   Solving with CG with DIAGONAL preconditioner...
   ✅ Converged in 0.20 s!
   Relative residual: 9.218e-09
   φ range: [-3.238e-09, 0.000e+00] m²/s²

3D Poisson Solver
   Grid: 41×41×41 = 68,921 points
   Domain: [-0.3, 0.3]³ m
   Resolution: Δx=0.015 m
   Coupling: ξ=100.0
   Evaluating ρ(x) and Φ(x)...
   Computing G_eff(x)...
   G_eff range: [1.340e-11, 1.000e+00] × G
   Building 68921×68921 sparse system...
   Converting to CSR format...
   Matrix sparsity: 99.99% (nnz=424,835)
   Building diagonal preconditioner...
   Diagonal preconditioner setup: 0.001 s
   Solving with CG with DIAGONAL preconditioner...
   ✅ Converged in 1.21 s!
   Relative residual: 7.904e-09
   φ range: [-3.239e-09, 0.000e+00] m²/s²

3D Poisson Solver
   Grid: 41×41×41 = 68,921 points
   Domain: [-0.3, 0.3]³ m
   Resolution: Δx=0.015 m
   Coupling: ξ=100.0
   Evaluating ρ(x) and Φ(x)...
   Computing G_eff(x)...
   G_eff range: [1.000e+00, 1.000e+00] × G
   Building 68921×68921 sparse system...
   Converting to CSR format...
   Matrix sparsity: 99.99% (nnz=424,835)
   Building diagonal preconditioner...
   Diagonal preconditioner setup: 0.001 s
   Solving with CG with DIAGONAL preconditioner...
   ✅ Converged in 0.20 s!
   Relative residual: 9.218e-09
   φ range: [-3.238e-09, 0.000e+00] m²/s²

3D Poisson Solver
   Grid: 41×41×41 = 68,921 points
   Domain: [-0.3, 0.3]³ m
   Resolution: Δx=0.015 m
   Coupling: ξ=100.0
   Evaluating ρ(x) and Φ(x)...
   Computing G_eff(x)...
   G_eff range: [1.340e-11, 1.000e+00] × G
   Building 68921×68921 sparse system...
   Converting to CSR format...
   Matrix sparsity: 99.99% (nnz=424,835)
   Building diagonal preconditioner...
   Diagonal preconditioner setup: 0.001 s
   Solving with CG with DIAGONAL preconditioner...
   ✅ Converged in 0.41 s!
   Relative residual: 8.775e-09
   φ range: [-3.240e-09, 0.000e+00] m²/s²

3D Poisson Solver
   Grid: 41×41×41 = 68,921 points
   Domain: [-0.3, 0.3]³ m
   Resolution: Δx=0.015 m
   Coupling: ξ=100.0
   Evaluating ρ(x) and Φ(x)...
   Computing G_eff(x)...
   G_eff range: [1.000e+00, 1.000e+00] × G
   Building 68921×68921 sparse system...
   Converting to CSR format...
   Matrix sparsity: 99.99% (nnz=424,835)
   Building diagonal preconditioner...
   Diagonal preconditioner setup: 0.001 s
   Solving with CG with DIAGONAL preconditioner...
   ✅ Converged in 0.24 s!
   Relative residual: 9.218e-09
   φ range: [-3.238e-09, 0.000e+00] m²/s²

3D Poisson Solver
   Grid: 41×41×41 = 68,921 points
   Domain: [-0.3, 0.3]³ m
   Resolution: Δx=0.015 m
   Coupling: ξ=100.0
   Evaluating ρ(x) and Φ(x)...
   Computing G_eff(x)...
   G_eff range: [1.340e-11, 1.000e+00] × G
   Building 68921×68921 sparse system...
   Converting to CSR format...
   Matrix sparsity: 99.99% (nnz=424,835)
   Building diagonal preconditioner...
   Diagonal preconditioner setup: 0.001 s
   Solving with CG with DIAGONAL preconditioner...
   ✅ Converged in 0.33 s!
   Relative residual: 9.016e-09
   φ range: [-3.240e-09, 0.000e+00] m²/s²

3D Poisson Solver
   Grid: 41×41×41 = 68,921 points
   Domain: [-0.3, 0.3]³ m
   Resolution: Δx=0.015 m
   Coupling: ξ=100.0
   Evaluating ρ(x) and Φ(x)...
   Computing G_eff(x)...
   G_eff range: [1.000e+00, 1.000e+00] × G
   Building 68921×68921 sparse system...
   Converting to CSR format...
   Matrix sparsity: 99.99% (nnz=424,835)
   Building diagonal preconditioner...
   Diagonal preconditioner setup: 0.001 s
   Solving with CG with DIAGONAL preconditioner...
   ✅ Converged in 0.26 s!
   Relative residual: 9.218e-09
   φ range: [-3.238e-09, 0.000e+00] m²/s²

3D Poisson Solver
   Grid: 41×41×41 = 68,921 points
   Domain: [-0.3, 0.3]³ m
   Resolution: Δx=0.015 m
   Coupling: ξ=100.0
   Evaluating ρ(x) and Φ(x)...
   Computing G_eff(x)...
   G_eff range: [1.340e-11, 1.000e+00] × G
   Building 68921×68921 sparse system...
   Converting to CSR format...
   Matrix sparsity: 99.99% (nnz=424,835)
   Building diagonal preconditioner...
   Diagonal preconditioner setup: 0.001 s
   Solving with CG with DIAGONAL preconditioner...
   ✅ Converged in 0.21 s!
   Relative residual: 8.115e-09
   φ range: [-3.241e-09, 0.000e+00] m²/s²

3D Poisson Solver
   Grid: 41×41×41 = 68,921 points
   Domain: [-0.3, 0.3]³ m
   Resolution: Δx=0.015 m
   Coupling: ξ=100.0
   Evaluating ρ(x) and Φ(x)...
   Computing G_eff(x)...
   G_eff range: [1.000e+00, 1.000e+00] × G
   Building 68921×68921 sparse system...
   Converting to CSR format...
   Matrix sparsity: 99.99% (nnz=424,835)
   Building diagonal preconditioner...
   Diagonal preconditioner setup: 0.001 s
   Solving with CG with DIAGONAL preconditioner...
   ✅ Converged in 0.19 s!
   Relative residual: 9.218e-09
   φ range: [-3.238e-09, 0.000e+00] m²/s²
  [10/125] Current best: Δτ=6.551e-15 N·m at (-0.100, -0.100, -0.100) m

3D Poisson Solver
   Grid: 41×41×41 = 68,921 points
   Domain: [-0.3, 0.3]³ m
   Resolution: Δx=0.015 m
   Coupling: ξ=100.0
   Evaluating ρ(x) and Φ(x)...
   Computing G_eff(x)...
   G_eff range: [1.340e-11, 1.000e+00] × G
   Building 68921×68921 sparse system...
   Converting to CSR format...
   Matrix sparsity: 99.99% (nnz=424,835)
   Building diagonal preconditioner...
   Diagonal preconditioner setup: 0.001 s
   Solving with CG with DIAGONAL preconditioner...
   ✅ Converged in 0.28 s!
   Relative residual: 8.821e-09
   φ range: [-3.240e-09, 0.000e+00] m²/s²

3D Poisson Solver
   Grid: 41×41×41 = 68,921 points
   Domain: [-0.3, 0.3]³ m
   Resolution: Δx=0.015 m
   Coupling: ξ=100.0
   Evaluating ρ(x) and Φ(x)...
   Computing G_eff(x)...
   G_eff range: [1.000e+00, 1.000e+00] × G
   Building 68921×68921 sparse system...
   Converting to CSR format...
   Matrix sparsity: 99.99% (nnz=424,835)
   Building diagonal preconditioner...
   Diagonal preconditioner setup: 0.001 s
   Solving with CG with DIAGONAL preconditioner...
   ✅ Converged in 0.41 s!
   Relative residual: 9.218e-09
   φ range: [-3.238e-09, 0.000e+00] m²/s²

3D Poisson Solver
   Grid: 41×41×41 = 68,921 points
   Domain: [-0.3, 0.3]³ m
   Resolution: Δx=0.015 m
   Coupling: ξ=100.0
   Evaluating ρ(x) and Φ(x)...
   Computing G_eff(x)...
   G_eff range: [1.340e-11, 1.000e+00] × G
   Building 68921×68921 sparse system...
   Converting to CSR format...
   Matrix sparsity: 99.99% (nnz=424,835)
   Building diagonal preconditioner...
   Diagonal preconditioner setup: 0.001 s
   Solving with CG with DIAGONAL preconditioner...
   ✅ Converged in 0.22 s!
   Relative residual: 8.982e-09
   φ range: [-3.243e-09, 0.000e+00] m²/s²

3D Poisson Solver
   Grid: 41×41×41 = 68,921 points
   Domain: [-0.3, 0.3]³ m
   Resolution: Δx=0.015 m
   Coupling: ξ=100.0
   Evaluating ρ(x) and Φ(x)...
   Computing G_eff(x)...
   G_eff range: [1.000e+00, 1.000e+00] × G
   Building 68921×68921 sparse system...
   Converting to CSR format...
   Matrix sparsity: 99.99% (nnz=424,835)
   Building diagonal preconditioner...
   Diagonal preconditioner setup: 0.001 s
   Solving with CG with DIAGONAL preconditioner...
   ✅ Converged in 1.70 s!
   Relative residual: 9.218e-09
   φ range: [-3.238e-09, 0.000e+00] m²/s²

3D Poisson Solver
   Grid: 41×41×41 = 68,921 points
   Domain: [-0.3, 0.3]³ m
   Resolution: Δx=0.015 m
   Coupling: ξ=100.0
   Evaluating ρ(x) and Φ(x)...
   Computing G_eff(x)...
   G_eff range: [1.340e-11, 1.000e+00] × G
   Building 68921×68921 sparse system...
   Converting to CSR format...
   Matrix sparsity: 99.99% (nnz=424,835)
   Building diagonal preconditioner...
   Diagonal preconditioner setup: 0.001 s
   Solving with CG with DIAGONAL preconditioner...
   ✅ Converged in 0.60 s!
   Relative residual: 9.185e-09
   φ range: [-3.241e-09, 0.000e+00] m²/s²

3D Poisson Solver
   Grid: 41×41×41 = 68,921 points
   Domain: [-0.3, 0.3]³ m
   Resolution: Δx=0.015 m
   Coupling: ξ=100.0
   Evaluating ρ(x) and Φ(x)...
   Computing G_eff(x)...
   G_eff range: [1.000e+00, 1.000e+00] × G
   Building 68921×68921 sparse system...
   Converting to CSR format...
   Matrix sparsity: 99.99% (nnz=424,835)
   Building diagonal preconditioner...
   Diagonal preconditioner setup: 0.001 s
   Solving with CG with DIAGONAL preconditioner...
   ✅ Converged in 0.18 s!
   Relative residual: 9.218e-09
   φ range: [-3.238e-09, 0.000e+00] m²/s²

3D Poisson Solver
   Grid: 41×41×41 = 68,921 points
   Domain: [-0.3, 0.3]³ m
   Resolution: Δx=0.015 m
   Coupling: ξ=100.0
   Evaluating ρ(x) and Φ(x)...
   Computing G_eff(x)...
   G_eff range: [1.340e-11, 1.000e+00] × G
   Building 68921×68921 sparse system...
   Converting to CSR format...
   Matrix sparsity: 99.99% (nnz=424,835)
   Building diagonal preconditioner...
   Diagonal preconditioner setup: 0.001 s
   Solving with CG with DIAGONAL preconditioner...
   ✅ Converged in 0.21 s!
   Relative residual: 8.851e-09
   φ range: [-3.245e-09, 0.000e+00] m²/s²

3D Poisson Solver
   Grid: 41×41×41 = 68,921 points
   Domain: [-0.3, 0.3]³ m
   Resolution: Δx=0.015 m
   Coupling: ξ=100.0
   Evaluating ρ(x) and Φ(x)...
   Computing G_eff(x)...
   G_eff range: [1.000e+00, 1.000e+00] × G
   Building 68921×68921 sparse system...
   Converting to CSR format...
   Matrix sparsity: 99.99% (nnz=424,835)
   Building diagonal preconditioner...
   Diagonal preconditioner setup: 0.001 s
   Solving with CG with DIAGONAL preconditioner...
   ✅ Converged in 0.33 s!
   Relative residual: 9.218e-09
   φ range: [-3.238e-09, 0.000e+00] m²/s²

3D Poisson Solver
   Grid: 41×41×41 = 68,921 points
   Domain: [-0.3, 0.3]³ m
   Resolution: Δx=0.015 m
   Coupling: ξ=100.0
   Evaluating ρ(x) and Φ(x)...
   Computing G_eff(x)...
   G_eff range: [1.340e-11, 1.000e+00] × G
   Building 68921×68921 sparse system...
   Converting to CSR format...
   Matrix sparsity: 99.99% (nnz=424,835)
   Building diagonal preconditioner...
   Diagonal preconditioner setup: 0.001 s
   Solving with CG with DIAGONAL preconditioner...
   ✅ Converged in 1.07 s!
   Relative residual: 9.502e-09
   φ range: [-3.256e-09, 0.000e+00] m²/s²

3D Poisson Solver
   Grid: 41×41×41 = 68,921 points
   Domain: [-0.3, 0.3]³ m
   Resolution: Δx=0.015 m
   Coupling: ξ=100.0
   Evaluating ρ(x) and Φ(x)...
   Computing G_eff(x)...
   G_eff range: [1.000e+00, 1.000e+00] × G
   Building 68921×68921 sparse system...
   Converting to CSR format...
   Matrix sparsity: 99.99% (nnz=424,835)
   Building diagonal preconditioner...
   Diagonal preconditioner setup: 0.001 s
   Solving with CG with DIAGONAL preconditioner...
   ✅ Converged in 2.50 s!
   Relative residual: 9.218e-09
   φ range: [-3.238e-09, 0.000e+00] m²/s²

3D Poisson Solver
   Grid: 41×41×41 = 68,921 points
   Domain: [-0.3, 0.3]³ m
   Resolution: Δx=0.015 m
   Coupling: ξ=100.0
   Evaluating ρ(x) and Φ(x)...
   Computing G_eff(x)...
   G_eff range: [1.340e-11, 1.000e+00] × G
   Building 68921×68921 sparse system...
   Converting to CSR format...
   Matrix sparsity: 99.99% (nnz=424,835)
   Building diagonal preconditioner...
   Diagonal preconditioner setup: 0.001 s
   Solving with CG with DIAGONAL preconditioner...
   ✅ Converged in 2.38 s!
   Relative residual: 9.694e-09
   φ range: [-3.266e-09, 0.000e+00] m²/s²

3D Poisson Solver
   Grid: 41×41×41 = 68,921 points
   Domain: [-0.3, 0.3]³ m
   Resolution: Δx=0.015 m
   Coupling: ξ=100.0
   Evaluating ρ(x) and Φ(x)...
   Computing G_eff(x)...
   G_eff range: [1.000e+00, 1.000e+00] × G
   Building 68921×68921 sparse system...
   Converting to CSR format...
   Matrix sparsity: 99.99% (nnz=424,835)
   Building diagonal preconditioner...
   Diagonal preconditioner setup: 0.001 s
   Solving with CG with DIAGONAL preconditioner...
   ✅ Converged in 2.47 s!
   Relative residual: 9.218e-09
   φ range: [-3.238e-09, 0.000e+00] m²/s²

3D Poisson Solver
   Grid: 41×41×41 = 68,921 points
   Domain: [-0.3, 0.3]³ m
   Resolution: Δx=0.015 m
   Coupling: ξ=100.0
   Evaluating ρ(x) and Φ(x)...
   Computing G_eff(x)...
   G_eff range: [1.340e-11, 1.000e+00] × G
   Building 68921×68921 sparse system...
   Converting to CSR format...
   Matrix sparsity: 99.99% (nnz=424,835)
   Building diagonal preconditioner...
   Diagonal preconditioner setup: 0.001 s
   Solving with CG with DIAGONAL preconditioner...
   ✅ Converged in 0.56 s!
   Relative residual: 9.323e-09
   φ range: [-3.334e-09, 0.000e+00] m²/s²

3D Poisson Solver
   Grid: 41×41×41 = 68,921 points
   Domain: [-0.3, 0.3]³ m
   Resolution: Δx=0.015 m
   Coupling: ξ=100.0
   Evaluating ρ(x) and Φ(x)...
   Computing G_eff(x)...
   G_eff range: [1.000e+00, 1.000e+00] × G
   Building 68921×68921 sparse system...
   Converting to CSR format...
   Matrix sparsity: 99.99% (nnz=424,835)
   Building diagonal preconditioner...
   Diagonal preconditioner setup: 0.001 s
   Solving with CG with DIAGONAL preconditioner...
   ✅ Converged in 1.83 s!
   Relative residual: 9.218e-09
   φ range: [-3.238e-09, 0.000e+00] m²/s²
  [20/125] Current best: Δτ=5.160e-14 N·m at (-0.100, 0.050, -0.050) m

3D Poisson Solver
   Grid: 41×41×41 = 68,921 points
   Domain: [-0.3, 0.3]³ m
   Resolution: Δx=0.015 m
   Coupling: ξ=100.0
   Evaluating ρ(x) and Φ(x)...
   Computing G_eff(x)...
   G_eff range: [1.340e-11, 1.000e+00] × G
   Building 68921×68921 sparse system...
   Converting to CSR format...
   Matrix sparsity: 99.99% (nnz=424,835)
   Building diagonal preconditioner...
   Diagonal preconditioner setup: 0.001 s
   Solving with CG with DIAGONAL preconditioner...
   ✅ Converged in 3.86 s!
   Relative residual: 8.655e-09
   φ range: [-3.249e-09, 0.000e+00] m²/s²

3D Poisson Solver
   Grid: 41×41×41 = 68,921 points
   Domain: [-0.3, 0.3]³ m
   Resolution: Δx=0.015 m
   Coupling: ξ=100.0
   Evaluating ρ(x) and Φ(x)...
   Computing G_eff(x)...
   G_eff range: [1.000e+00, 1.000e+00] × G
   Building 68921×68921 sparse system...
   Converting to CSR format...
   Matrix sparsity: 99.99% (nnz=424,835)
   Building diagonal preconditioner...
   Diagonal preconditioner setup: 0.001 s
   Solving with CG with DIAGONAL preconditioner...
   ✅ Converged in 3.20 s!
   Relative residual: 9.218e-09
   φ range: [-3.238e-09, 0.000e+00] m²/s²

3D Poisson Solver
   Grid: 41×41×41 = 68,921 points
   Domain: [-0.3, 0.3]³ m
   Resolution: Δx=0.015 m
   Coupling: ξ=100.0
   Evaluating ρ(x) and Φ(x)...
   Computing G_eff(x)...
   G_eff range: [1.340e-11, 1.000e+00] × G
   Building 68921×68921 sparse system...
   Converting to CSR format...
   Matrix sparsity: 99.99% (nnz=424,835)
   Building diagonal preconditioner...
   Diagonal preconditioner setup: 0.001 s
   Solving with CG with DIAGONAL preconditioner...
   ✅ Converged in 4.21 s!
   Relative residual: 8.863e-09
   φ range: [-3.309e-09, 0.000e+00] m²/s²

3D Poisson Solver
   Grid: 41×41×41 = 68,921 points
   Domain: [-0.3, 0.3]³ m
   Resolution: Δx=0.015 m
   Coupling: ξ=100.0
   Evaluating ρ(x) and Φ(x)...
   Computing G_eff(x)...
   G_eff range: [1.000e+00, 1.000e+00] × G
   Building 68921×68921 sparse system...
   Converting to CSR format...
   Matrix sparsity: 99.99% (nnz=424,835)
   Building diagonal preconditioner...
   Diagonal preconditioner setup: 0.001 s
   Solving with CG with DIAGONAL preconditioner...
   ✅ Converged in 4.25 s!
   Relative residual: 9.218e-09
   φ range: [-3.238e-09, 0.000e+00] m²/s²

3D Poisson Solver
   Grid: 41×41×41 = 68,921 points
   Domain: [-0.3, 0.3]³ m
   Resolution: Δx=0.015 m
   Coupling: ξ=100.0
   Evaluating ρ(x) and Φ(x)...
   Computing G_eff(x)...
   G_eff range: [1.340e-11, 1.000e+00] × G
   Building 68921×68921 sparse system...
   Converting to CSR format...
   Matrix sparsity: 99.99% (nnz=424,835)
   Building diagonal preconditioner...
   Diagonal preconditioner setup: 0.001 s
   Solving with CG with DIAGONAL preconditioner...
   ✅ Converged in 4.27 s!
   Relative residual: 8.158e-09
   φ range: [-3.238e-09, 0.000e+00] m²/s²

3D Poisson Solver
   Grid: 41×41×41 = 68,921 points
   Domain: [-0.3, 0.3]³ m
   Resolution: Δx=0.015 m
   Coupling: ξ=100.0
   Evaluating ρ(x) and Φ(x)...
   Computing G_eff(x)...
   G_eff range: [1.000e+00, 1.000e+00] × G
   Building 68921×68921 sparse system...
   Converting to CSR format...
   Matrix sparsity: 99.99% (nnz=424,835)
   Building diagonal preconditioner...
   Diagonal preconditioner setup: 0.001 s
   Solving with CG with DIAGONAL preconditioner...
   ✅ Converged in 4.66 s!
   Relative residual: 9.218e-09
   φ range: [-3.238e-09, 0.000e+00] m²/s²

3D Poisson Solver
   Grid: 41×41×41 = 68,921 points
   Domain: [-0.3, 0.3]³ m
   Resolution: Δx=0.015 m
   Coupling: ξ=100.0
   Evaluating ρ(x) and Φ(x)...
   Computing G_eff(x)...
   G_eff range: [1.340e-11, 1.000e+00] × G
   Building 68921×68921 sparse system...
   Converting to CSR format...
   Matrix sparsity: 99.99% (nnz=424,835)
   Building diagonal preconditioner...
   Diagonal preconditioner setup: 0.001 s
   Solving with CG with DIAGONAL preconditioner...
   ✅ Converged in 4.06 s!
   Relative residual: 9.220e-09
   φ range: [-3.238e-09, 0.000e+00] m²/s²

3D Poisson Solver
   Grid: 41×41×41 = 68,921 points
   Domain: [-0.3, 0.3]³ m
   Resolution: Δx=0.015 m
   Coupling: ξ=100.0
   Evaluating ρ(x) and Φ(x)...
   Computing G_eff(x)...
   G_eff range: [1.000e+00, 1.000e+00] × G
   Building 68921×68921 sparse system...
   Converting to CSR format...
   Matrix sparsity: 99.99% (nnz=424,835)
   Building diagonal preconditioner...
   Diagonal preconditioner setup: 0.001 s
   Solving with CG with DIAGONAL preconditioner...
   ✅ Converged in 3.46 s!
   Relative residual: 9.218e-09
   φ range: [-3.238e-09, 0.000e+00] m²/s²

3D Poisson Solver
   Grid: 41×41×41 = 68,921 points
   Domain: [-0.3, 0.3]³ m
   Resolution: Δx=0.015 m
   Coupling: ξ=100.0
   Evaluating ρ(x) and Φ(x)...
   Computing G_eff(x)...
   G_eff range: [1.340e-11, 1.000e+00] × G
   Building 68921×68921 sparse system...
   Converting to CSR format...
   Matrix sparsity: 99.99% (nnz=424,835)
   Building diagonal preconditioner...
   Diagonal preconditioner setup: 0.001 s
   Solving with CG with DIAGONAL preconditioner...
   ✅ Converged in 4.68 s!
   Relative residual: 8.517e-09
   φ range: [-3.239e-09, 0.000e+00] m²/s²

3D Poisson Solver
   Grid: 41×41×41 = 68,921 points
   Domain: [-0.3, 0.3]³ m
   Resolution: Δx=0.015 m
   Coupling: ξ=100.0
   Evaluating ρ(x) and Φ(x)...
   Computing G_eff(x)...
   G_eff range: [1.000e+00, 1.000e+00] × G
   Building 68921×68921 sparse system...
   Converting to CSR format...
   Matrix sparsity: 99.99% (nnz=424,835)
   Building diagonal preconditioner...
   Diagonal preconditioner setup: 0.001 s
   Solving with CG with DIAGONAL preconditioner...
   ✅ Converged in 4.05 s!
   Relative residual: 9.218e-09
   φ range: [-3.238e-09, 0.000e+00] m²/s²

3D Poisson Solver
   Grid: 41×41×41 = 68,921 points
   Domain: [-0.3, 0.3]³ m
   Resolution: Δx=0.015 m
   Coupling: ξ=100.0
   Evaluating ρ(x) and Φ(x)...
   Computing G_eff(x)...
   G_eff range: [1.340e-11, 1.000e+00] × G
   Building 68921×68921 sparse system...
   Converting to CSR format...
   Matrix sparsity: 99.99% (nnz=424,835)
   Building diagonal preconditioner...
   Diagonal preconditioner setup: 0.001 s
   Solving with CG with DIAGONAL preconditioner...
   ✅ Converged in 5.60 s!
   Relative residual: 9.545e-09
   φ range: [-3.239e-09, 0.000e+00] m²/s²

3D Poisson Solver
   Grid: 41×41×41 = 68,921 points
   Domain: [-0.3, 0.3]³ m
   Resolution: Δx=0.015 m
   Coupling: ξ=100.0
   Evaluating ρ(x) and Φ(x)...
   Computing G_eff(x)...
   G_eff range: [1.000e+00, 1.000e+00] × G
   Building 68921×68921 sparse system...
   Converting to CSR format...
   Matrix sparsity: 99.99% (nnz=424,835)
   Building diagonal preconditioner...
   Diagonal preconditioner setup: 0.001 s
   Solving with CG with DIAGONAL preconditioner...
   ✅ Converged in 4.34 s!
   Relative residual: 9.218e-09
   φ range: [-3.238e-09, 0.000e+00] m²/s²

3D Poisson Solver
   Grid: 41×41×41 = 68,921 points
   Domain: [-0.3, 0.3]³ m
   Resolution: Δx=0.015 m
   Coupling: ξ=100.0
   Evaluating ρ(x) and Φ(x)...
   Computing G_eff(x)...
   G_eff range: [1.340e-11, 1.000e+00] × G
   Building 68921×68921 sparse system...
   Converting to CSR format...
   Matrix sparsity: 99.99% (nnz=424,835)
   Building diagonal preconditioner...
   Diagonal preconditioner setup: 0.001 s
   Solving with CG with DIAGONAL preconditioner...
   ✅ Converged in 3.23 s!
   Relative residual: 8.595e-09
   φ range: [-3.239e-09, 0.000e+00] m²/s²

3D Poisson Solver
   Grid: 41×41×41 = 68,921 points
   Domain: [-0.3, 0.3]³ m
   Resolution: Δx=0.015 m
   Coupling: ξ=100.0
   Evaluating ρ(x) and Φ(x)...
   Computing G_eff(x)...
   G_eff range: [1.000e+00, 1.000e+00] × G
   Building 68921×68921 sparse system...
   Converting to CSR format...
   Matrix sparsity: 99.99% (nnz=424,835)
   Building diagonal preconditioner...
   Diagonal preconditioner setup: 0.001 s
   Solving with CG with DIAGONAL preconditioner...
   ✅ Converged in 1.14 s!
   Relative residual: 9.218e-09
   φ range: [-3.238e-09, 0.000e+00] m²/s²
  [30/125] Current best: Δτ=1.161e-13 N·m at (-0.100, 0.100, -0.050) m

3D Poisson Solver
   Grid: 41×41×41 = 68,921 points
   Domain: [-0.3, 0.3]³ m
   Resolution: Δx=0.015 m
   Coupling: ξ=100.0
   Evaluating ρ(x) and Φ(x)...
   Computing G_eff(x)...
   G_eff range: [1.340e-11, 1.000e+00] × G
   Building 68921×68921 sparse system...
   Converting to CSR format...
   Matrix sparsity: 99.99% (nnz=424,835)
   Building diagonal preconditioner...
   Diagonal preconditioner setup: 0.001 s
   Solving with CG with DIAGONAL preconditioner...
   ✅ Converged in 2.86 s!
   Relative residual: 8.720e-09
   φ range: [-3.238e-09, 0.000e+00] m²/s²

3D Poisson Solver
   Grid: 41×41×41 = 68,921 points
   Domain: [-0.3, 0.3]³ m
   Resolution: Δx=0.015 m
   Coupling: ξ=100.0
   Evaluating ρ(x) and Φ(x)...
   Computing G_eff(x)...
   G_eff range: [1.000e+00, 1.000e+00] × G
   Building 68921×68921 sparse system...
   Converting to CSR format...
   Matrix sparsity: 99.99% (nnz=424,835)
   Building diagonal preconditioner...
   Diagonal preconditioner setup: 0.001 s
   Solving with CG with DIAGONAL preconditioner...
   ✅ Converged in 3.80 s!
   Relative residual: 9.218e-09
   φ range: [-3.238e-09, 0.000e+00] m²/s²

3D Poisson Solver
   Grid: 41×41×41 = 68,921 points
   Domain: [-0.3, 0.3]³ m
   Resolution: Δx=0.015 m
   Coupling: ξ=100.0
   Evaluating ρ(x) and Φ(x)...
   Computing G_eff(x)...
   G_eff range: [1.340e-11, 1.000e+00] × G
   Building 68921×68921 sparse system...
   Converting to CSR format...
   Matrix sparsity: 99.99% (nnz=424,835)
   Building diagonal preconditioner...
   Diagonal preconditioner setup: 0.001 s
   Solving with CG with DIAGONAL preconditioner...
   ✅ Converged in 4.36 s!
   Relative residual: 8.528e-09
   φ range: [-3.239e-09, 0.000e+00] m²/s²

3D Poisson Solver
   Grid: 41×41×41 = 68,921 points
   Domain: [-0.3, 0.3]³ m
   Resolution: Δx=0.015 m
   Coupling: ξ=100.0
   Evaluating ρ(x) and Φ(x)...
   Computing G_eff(x)...
   G_eff range: [1.000e+00, 1.000e+00] × G
   Building 68921×68921 sparse system...
   Converting to CSR format...
   Matrix sparsity: 99.99% (nnz=424,835)
   Building diagonal preconditioner...
   Diagonal preconditioner setup: 0.001 s
   Solving with CG with DIAGONAL preconditioner...
   ✅ Converged in 2.49 s!
   Relative residual: 9.218e-09
   φ range: [-3.238e-09, 0.000e+00] m²/s²

3D Poisson Solver
   Grid: 41×41×41 = 68,921 points
   Domain: [-0.3, 0.3]³ m
   Resolution: Δx=0.015 m
   Coupling: ξ=100.0
   Evaluating ρ(x) and Φ(x)...
   Computing G_eff(x)...
   G_eff range: [1.340e-11, 1.000e+00] × G
   Building 68921×68921 sparse system...
   Converting to CSR format...
   Matrix sparsity: 99.99% (nnz=424,835)
   Building diagonal preconditioner...
   Diagonal preconditioner setup: 0.001 s
   Solving with CG with DIAGONAL preconditioner...
   ✅ Converged in 5.47 s!
   Relative residual: 8.929e-09
   φ range: [-3.239e-09, 0.000e+00] m²/s²

3D Poisson Solver
   Grid: 41×41×41 = 68,921 points
   Domain: [-0.3, 0.3]³ m
   Resolution: Δx=0.015 m
   Coupling: ξ=100.0
   Evaluating ρ(x) and Φ(x)...
   Computing G_eff(x)...
   G_eff range: [1.000e+00, 1.000e+00] × G
   Building 68921×68921 sparse system...
   Converting to CSR format...
   Matrix sparsity: 99.99% (nnz=424,835)
   Building diagonal preconditioner...
   Diagonal preconditioner setup: 0.001 s
   Solving with CG with DIAGONAL preconditioner...
   ✅ Converged in 2.31 s!
   Relative residual: 9.218e-09
   φ range: [-3.238e-09, 0.000e+00] m²/s²

3D Poisson Solver
   Grid: 41×41×41 = 68,921 points
   Domain: [-0.3, 0.3]³ m
   Resolution: Δx=0.015 m
   Coupling: ξ=100.0
   Evaluating ρ(x) and Φ(x)...
   Computing G_eff(x)...
   G_eff range: [1.340e-11, 1.000e+00] × G
   Building 68921×68921 sparse system...
   Converting to CSR format...
   Matrix sparsity: 99.99% (nnz=424,835)
   Building diagonal preconditioner...
   Diagonal preconditioner setup: 0.001 s
   Solving with CG with DIAGONAL preconditioner...
   ✅ Converged in 0.89 s!
   Relative residual: 9.286e-09
   φ range: [-3.239e-09, 0.000e+00] m²/s²

3D Poisson Solver
   Grid: 41×41×41 = 68,921 points
   Domain: [-0.3, 0.3]³ m
   Resolution: Δx=0.015 m
   Coupling: ξ=100.0
   Evaluating ρ(x) and Φ(x)...
   Computing G_eff(x)...
   G_eff range: [1.000e+00, 1.000e+00] × G
   Building 68921×68921 sparse system...
   Converting to CSR format...
   Matrix sparsity: 99.99% (nnz=424,835)
   Building diagonal preconditioner...
   Diagonal preconditioner setup: 0.001 s
   Solving with CG with DIAGONAL preconditioner...
   ✅ Converged in 1.51 s!
   Relative residual: 9.218e-09
   φ range: [-3.238e-09, 0.000e+00] m²/s²

3D Poisson Solver
   Grid: 41×41×41 = 68,921 points
   Domain: [-0.3, 0.3]³ m
   Resolution: Δx=0.015 m
   Coupling: ξ=100.0
   Evaluating ρ(x) and Φ(x)...
   Computing G_eff(x)...
   G_eff range: [1.340e-11, 1.000e+00] × G
   Building 68921×68921 sparse system...
   Converting to CSR format...
   Matrix sparsity: 99.99% (nnz=424,835)
   Building diagonal preconditioner...
   Diagonal preconditioner setup: 0.001 s
   Solving with CG with DIAGONAL preconditioner...
   ✅ Converged in 1.23 s!
   Relative residual: 9.178e-09
   φ range: [-3.239e-09, 0.000e+00] m²/s²

3D Poisson Solver
   Grid: 41×41×41 = 68,921 points
   Domain: [-0.3, 0.3]³ m
   Resolution: Δx=0.015 m
   Coupling: ξ=100.0
   Evaluating ρ(x) and Φ(x)...
   Computing G_eff(x)...
   G_eff range: [1.000e+00, 1.000e+00] × G
   Building 68921×68921 sparse system...
   Converting to CSR format...
   Matrix sparsity: 99.99% (nnz=424,835)
   Building diagonal preconditioner...
   Diagonal preconditioner setup: 0.001 s
   Solving with CG with DIAGONAL preconditioner...
   ✅ Converged in 2.59 s!
   Relative residual: 9.218e-09
   φ range: [-3.238e-09, 0.000e+00] m²/s²

3D Poisson Solver
   Grid: 41×41×41 = 68,921 points
   Domain: [-0.3, 0.3]³ m
   Resolution: Δx=0.015 m
   Coupling: ξ=100.0
   Evaluating ρ(x) and Φ(x)...
   Computing G_eff(x)...
   G_eff range: [1.340e-11, 1.000e+00] × G
   Building 68921×68921 sparse system...
   Converting to CSR format...
   Matrix sparsity: 99.99% (nnz=424,835)
   Building diagonal preconditioner...
   Diagonal preconditioner setup: 0.001 s
   Solving with CG with DIAGONAL preconditioner...
   ✅ Converged in 3.35 s!
   Relative residual: 9.473e-09
   φ range: [-3.239e-09, 0.000e+00] m²/s²

3D Poisson Solver
   Grid: 41×41×41 = 68,921 points
   Domain: [-0.3, 0.3]³ m
   Resolution: Δx=0.015 m
   Coupling: ξ=100.0
   Evaluating ρ(x) and Φ(x)...
   Computing G_eff(x)...
   G_eff range: [1.000e+00, 1.000e+00] × G
   Building 68921×68921 sparse system...
   Converting to CSR format...
   Matrix sparsity: 99.99% (nnz=424,835)
   Building diagonal preconditioner...
   Diagonal preconditioner setup: 0.001 s
   Solving with CG with DIAGONAL preconditioner...
   ✅ Converged in 2.87 s!
   Relative residual: 9.218e-09
   φ range: [-3.238e-09, 0.000e+00] m²/s²

3D Poisson Solver
   Grid: 41×41×41 = 68,921 points
   Domain: [-0.3, 0.3]³ m
   Resolution: Δx=0.015 m
   Coupling: ξ=100.0
   Evaluating ρ(x) and Φ(x)...
   Computing G_eff(x)...
   G_eff range: [1.340e-11, 1.000e+00] × G
   Building 68921×68921 sparse system...
   Converting to CSR format...
   Matrix sparsity: 99.99% (nnz=424,835)
   Building diagonal preconditioner...
   Diagonal preconditioner setup: 0.001 s
   Solving with CG with DIAGONAL preconditioner...
   ✅ Converged in 3.39 s!
   Relative residual: 9.814e-09
   φ range: [-3.239e-09, 0.000e+00] m²/s²

3D Poisson Solver
   Grid: 41×41×41 = 68,921 points
   Domain: [-0.3, 0.3]³ m
   Resolution: Δx=0.015 m
   Coupling: ξ=100.0
   Evaluating ρ(x) and Φ(x)...
   Computing G_eff(x)...
   G_eff range: [1.000e+00, 1.000e+00] × G
   Building 68921×68921 sparse system...
   Converting to CSR format...
   Matrix sparsity: 99.99% (nnz=424,835)
   Building diagonal preconditioner...
   Diagonal preconditioner setup: 0.001 s
   Solving with CG with DIAGONAL preconditioner...
   ✅ Converged in 3.14 s!
   Relative residual: 9.218e-09
   φ range: [-3.238e-09, 0.000e+00] m²/s²

3D Poisson Solver
   Grid: 41×41×41 = 68,921 points
   Domain: [-0.3, 0.3]³ m
   Resolution: Δx=0.015 m
   Coupling: ξ=100.0
   Evaluating ρ(x) and Φ(x)...
   Computing G_eff(x)...
   G_eff range: [1.340e-11, 1.000e+00] × G
   Building 68921×68921 sparse system...
   Converting to CSR format...
   Matrix sparsity: 99.99% (nnz=424,835)
   Building diagonal preconditioner...
   Diagonal preconditioner setup: 0.001 s
   Solving with CG with DIAGONAL preconditioner...
   ✅ Converged in 3.52 s!
   Relative residual: 9.993e-09
   φ range: [-3.240e-09, 0.000e+00] m²/s²

3D Poisson Solver
   Grid: 41×41×41 = 68,921 points
   Domain: [-0.3, 0.3]³ m
   Resolution: Δx=0.015 m
   Coupling: ξ=100.0
   Evaluating ρ(x) and Φ(x)...
   Computing G_eff(x)...
   G_eff range: [1.000e+00, 1.000e+00] × G
   Building 68921×68921 sparse system...
   Converting to CSR format...
   Matrix sparsity: 99.99% (nnz=424,835)
   Building diagonal preconditioner...
   Diagonal preconditioner setup: 0.001 s
   Solving with CG with DIAGONAL preconditioner...
   ✅ Converged in 3.02 s!
   Relative residual: 9.218e-09
   φ range: [-3.238e-09, 0.000e+00] m²/s²

3D Poisson Solver
   Grid: 41×41×41 = 68,921 points
   Domain: [-0.3, 0.3]³ m
   Resolution: Δx=0.015 m
   Coupling: ξ=100.0
   Evaluating ρ(x) and Φ(x)...
   Computing G_eff(x)...
   G_eff range: [1.340e-11, 1.000e+00] × G
   Building 68921×68921 sparse system...
   Converting to CSR format...
   Matrix sparsity: 99.99% (nnz=424,835)
   Building diagonal preconditioner...
   Diagonal preconditioner setup: 0.001 s
   Solving with CG with DIAGONAL preconditioner...
   ✅ Converged in 3.51 s!
   Relative residual: 9.579e-09
   φ range: [-3.240e-09, 0.000e+00] m²/s²

3D Poisson Solver
   Grid: 41×41×41 = 68,921 points
   Domain: [-0.3, 0.3]³ m
   Resolution: Δx=0.015 m
   Coupling: ξ=100.0
   Evaluating ρ(x) and Φ(x)...
   Computing G_eff(x)...
   G_eff range: [1.000e+00, 1.000e+00] × G
   Building 68921×68921 sparse system...
   Converting to CSR format...
   Matrix sparsity: 99.99% (nnz=424,835)
   Building diagonal preconditioner...
   Diagonal preconditioner setup: 0.001 s
   Solving with CG with DIAGONAL preconditioner...
   ✅ Converged in 3.34 s!
   Relative residual: 9.218e-09
   φ range: [-3.238e-09, 0.000e+00] m²/s²

3D Poisson Solver
   Grid: 41×41×41 = 68,921 points
   Domain: [-0.3, 0.3]³ m
   Resolution: Δx=0.015 m
   Coupling: ξ=100.0
   Evaluating ρ(x) and Φ(x)...
   Computing G_eff(x)...
   G_eff range: [1.340e-11, 1.000e+00] × G
   Building 68921×68921 sparse system...
   Converting to CSR format...
   Matrix sparsity: 99.99% (nnz=424,835)
   Building diagonal preconditioner...
   Diagonal preconditioner setup: 0.001 s
   Solving with CG with DIAGONAL preconditioner...
   ✅ Converged in 0.87 s!
   Relative residual: 8.252e-09
   φ range: [-3.242e-09, 0.000e+00] m²/s²

3D Poisson Solver
   Grid: 41×41×41 = 68,921 points
   Domain: [-0.3, 0.3]³ m
   Resolution: Δx=0.015 m
   Coupling: ξ=100.0
   Evaluating ρ(x) and Φ(x)...
   Computing G_eff(x)...
   G_eff range: [1.000e+00, 1.000e+00] × G
   Building 68921×68921 sparse system...
   Converting to CSR format...
   Matrix sparsity: 99.99% (nnz=424,835)
   Building diagonal preconditioner...
   Diagonal preconditioner setup: 0.001 s
   Solving with CG with DIAGONAL preconditioner...
   ✅ Converged in 0.46 s!
   Relative residual: 9.218e-09
   φ range: [-3.238e-09, 0.000e+00] m²/s²
  [40/125] Current best: Δτ=-1.176e-13 N·m at (-0.050, 0.000, -0.050) m

3D Poisson Solver
   Grid: 41×41×41 = 68,921 points
   Domain: [-0.3, 0.3]³ m
   Resolution: Δx=0.015 m
   Coupling: ξ=100.0
   Evaluating ρ(x) and Φ(x)...
   Computing G_eff(x)...
   G_eff range: [1.340e-11, 1.000e+00] × G
   Building 68921×68921 sparse system...
   Converting to CSR format...
   Matrix sparsity: 99.99% (nnz=424,835)
   Building diagonal preconditioner...
   Diagonal preconditioner setup: 0.001 s
   Solving with CG with DIAGONAL preconditioner...
   ✅ Converged in 0.47 s!
   Relative residual: 8.519e-09
   φ range: [-3.240e-09, 0.000e+00] m²/s²

3D Poisson Solver
   Grid: 41×41×41 = 68,921 points
   Domain: [-0.3, 0.3]³ m
   Resolution: Δx=0.015 m
   Coupling: ξ=100.0
   Evaluating ρ(x) and Φ(x)...
   Computing G_eff(x)...
   G_eff range: [1.000e+00, 1.000e+00] × G
   Building 68921×68921 sparse system...
   Converting to CSR format...
   Matrix sparsity: 99.99% (nnz=424,835)
   Building diagonal preconditioner...
   Diagonal preconditioner setup: 0.001 s
   Solving with CG with DIAGONAL preconditioner...
   ✅ Converged in 1.76 s!
   Relative residual: 9.218e-09
   φ range: [-3.238e-09, 0.000e+00] m²/s²

3D Poisson Solver
   Grid: 41×41×41 = 68,921 points
   Domain: [-0.3, 0.3]³ m
   Resolution: Δx=0.015 m
   Coupling: ξ=100.0
   Evaluating ρ(x) and Φ(x)...
   Computing G_eff(x)...
   G_eff range: [1.340e-11, 1.000e+00] × G
   Building 68921×68921 sparse system...
   Converting to CSR format...
   Matrix sparsity: 99.99% (nnz=424,835)
   Building diagonal preconditioner...
   Diagonal preconditioner setup: 0.001 s
   Solving with CG with DIAGONAL preconditioner...
   ✅ Converged in 1.80 s!
   Relative residual: 8.597e-09
   φ range: [-3.242e-09, 0.000e+00] m²/s²

3D Poisson Solver
   Grid: 41×41×41 = 68,921 points
   Domain: [-0.3, 0.3]³ m
   Resolution: Δx=0.015 m
   Coupling: ξ=100.0
   Evaluating ρ(x) and Φ(x)...
   Computing G_eff(x)...
   G_eff range: [1.000e+00, 1.000e+00] × G
   Building 68921×68921 sparse system...
   Converting to CSR format...
   Matrix sparsity: 99.99% (nnz=424,835)
   Building diagonal preconditioner...
   Diagonal preconditioner setup: 0.001 s
   Solving with CG with DIAGONAL preconditioner...
   ✅ Converged in 1.42 s!
   Relative residual: 9.218e-09
   φ range: [-3.238e-09, 0.000e+00] m²/s²

3D Poisson Solver
   Grid: 41×41×41 = 68,921 points
   Domain: [-0.3, 0.3]³ m
   Resolution: Δx=0.015 m
   Coupling: ξ=100.0
   Evaluating ρ(x) and Φ(x)...
   Computing G_eff(x)...
   G_eff range: [1.340e-11, 1.000e+00] × G
   Building 68921×68921 sparse system...
   Converting to CSR format...
   Matrix sparsity: 99.99% (nnz=424,835)
   Building diagonal preconditioner...
   Diagonal preconditioner setup: 0.001 s
   Solving with CG with DIAGONAL preconditioner...
   ✅ Converged in 2.43 s!
   Relative residual: 8.181e-09
   φ range: [-3.245e-09, 0.000e+00] m²/s²

3D Poisson Solver
   Grid: 41×41×41 = 68,921 points
   Domain: [-0.3, 0.3]³ m
   Resolution: Δx=0.015 m
   Coupling: ξ=100.0
   Evaluating ρ(x) and Φ(x)...
   Computing G_eff(x)...
   G_eff range: [1.000e+00, 1.000e+00] × G
   Building 68921×68921 sparse system...
   Converting to CSR format...
   Matrix sparsity: 99.99% (nnz=424,835)
   Building diagonal preconditioner...
   Diagonal preconditioner setup: 0.001 s
   Solving with CG with DIAGONAL preconditioner...
   ✅ Converged in 1.54 s!
   Relative residual: 9.218e-09
   φ range: [-3.238e-09, 0.000e+00] m²/s²

3D Poisson Solver
   Grid: 41×41×41 = 68,921 points
   Domain: [-0.3, 0.3]³ m
   Resolution: Δx=0.015 m
   Coupling: ξ=100.0
   Evaluating ρ(x) and Φ(x)...
   Computing G_eff(x)...
   G_eff range: [1.340e-11, 1.000e+00] × G
   Building 68921×68921 sparse system...
   Converting to CSR format...
   Matrix sparsity: 99.99% (nnz=424,835)
   Building diagonal preconditioner...
   Diagonal preconditioner setup: 0.001 s
   Solving with CG with DIAGONAL preconditioner...
   ✅ Converged in 4.27 s!
   Relative residual: 9.222e-09
   φ range: [-3.247e-09, 0.000e+00] m²/s²

3D Poisson Solver
   Grid: 41×41×41 = 68,921 points
   Domain: [-0.3, 0.3]³ m
   Resolution: Δx=0.015 m
   Coupling: ξ=100.0
   Evaluating ρ(x) and Φ(x)...
   Computing G_eff(x)...
   G_eff range: [1.000e+00, 1.000e+00] × G
   Building 68921×68921 sparse system...
   Converting to CSR format...
   Matrix sparsity: 99.99% (nnz=424,835)
   Building diagonal preconditioner...
   Diagonal preconditioner setup: 0.001 s
   Solving with CG with DIAGONAL preconditioner...
   ✅ Converged in 2.78 s!
   Relative residual: 9.218e-09
   φ range: [-3.238e-09, 0.000e+00] m²/s²

3D Poisson Solver
   Grid: 41×41×41 = 68,921 points
   Domain: [-0.3, 0.3]³ m
   Resolution: Δx=0.015 m
   Coupling: ξ=100.0
   Evaluating ρ(x) and Φ(x)...
   Computing G_eff(x)...
   G_eff range: [1.340e-11, 1.000e+00] × G
   Building 68921×68921 sparse system...
   Converting to CSR format...
   Matrix sparsity: 99.99% (nnz=424,835)
   Building diagonal preconditioner...
   Diagonal preconditioner setup: 0.001 s
   Solving with CG with DIAGONAL preconditioner...
   ✅ Converged in 3.69 s!
   Relative residual: 8.773e-09
   φ range: [-3.255e-09, 0.000e+00] m²/s²

3D Poisson Solver
   Grid: 41×41×41 = 68,921 points
   Domain: [-0.3, 0.3]³ m
   Resolution: Δx=0.015 m
   Coupling: ξ=100.0
   Evaluating ρ(x) and Φ(x)...
   Computing G_eff(x)...
   G_eff range: [1.000e+00, 1.000e+00] × G
   Building 68921×68921 sparse system...
   Converting to CSR format...
   Matrix sparsity: 99.99% (nnz=424,835)
   Building diagonal preconditioner...
   Diagonal preconditioner setup: 0.001 s
   Solving with CG with DIAGONAL preconditioner...
   ✅ Converged in 1.73 s!
   Relative residual: 9.218e-09
   φ range: [-3.238e-09, 0.000e+00] m²/s²

3D Poisson Solver
   Grid: 41×41×41 = 68,921 points
   Domain: [-0.3, 0.3]³ m
   Resolution: Δx=0.015 m
   Coupling: ξ=100.0
   Evaluating ρ(x) and Φ(x)...
   Computing G_eff(x)...
   G_eff range: [1.340e-11, 1.000e+00] × G
   Building 68921×68921 sparse system...
   Converting to CSR format...
   Matrix sparsity: 99.99% (nnz=424,835)
   Building diagonal preconditioner...
   Diagonal preconditioner setup: 0.001 s
   Solving with CG with DIAGONAL preconditioner...
   ✅ Converged in 1.66 s!
   Relative residual: 8.549e-09
   φ range: [-3.240e-09, 0.000e+00] m²/s²

3D Poisson Solver
   Grid: 41×41×41 = 68,921 points
   Domain: [-0.3, 0.3]³ m
   Resolution: Δx=0.015 m
   Coupling: ξ=100.0
   Evaluating ρ(x) and Φ(x)...
   Computing G_eff(x)...
   G_eff range: [1.000e+00, 1.000e+00] × G
   Building 68921×68921 sparse system...
   Converting to CSR format...
   Matrix sparsity: 99.99% (nnz=424,835)
   Building diagonal preconditioner...
   Diagonal preconditioner setup: 0.001 s
   Solving with CG with DIAGONAL preconditioner...
   ✅ Converged in 5.47 s!
   Relative residual: 9.218e-09
   φ range: [-3.238e-09, 0.000e+00] m²/s²

3D Poisson Solver
   Grid: 41×41×41 = 68,921 points
   Domain: [-0.3, 0.3]³ m
   Resolution: Δx=0.015 m
   Coupling: ξ=100.0
   Evaluating ρ(x) and Φ(x)...
   Computing G_eff(x)...
   G_eff range: [1.340e-11, 1.000e+00] × G
   Building 68921×68921 sparse system...
   Converting to CSR format...
   Matrix sparsity: 99.99% (nnz=424,835)
   Building diagonal preconditioner...
   Diagonal preconditioner setup: 0.001 s
   Solving with CG with DIAGONAL preconditioner...
   ✅ Converged in 2.02 s!
   Relative residual: 8.387e-09
   φ range: [-3.243e-09, 0.000e+00] m²/s²

3D Poisson Solver
   Grid: 41×41×41 = 68,921 points
   Domain: [-0.3, 0.3]³ m
   Resolution: Δx=0.015 m
   Coupling: ξ=100.0
   Evaluating ρ(x) and Φ(x)...
   Computing G_eff(x)...
   G_eff range: [1.000e+00, 1.000e+00] × G
   Building 68921×68921 sparse system...
   Converting to CSR format...
   Matrix sparsity: 99.99% (nnz=424,835)
   Building diagonal preconditioner...
   Diagonal preconditioner setup: 0.001 s
   Solving with CG with DIAGONAL preconditioner...
   ✅ Converged in 2.91 s!
   Relative residual: 9.218e-09
   φ range: [-3.238e-09, 0.000e+00] m²/s²

3D Poisson Solver
   Grid: 41×41×41 = 68,921 points
   Domain: [-0.3, 0.3]³ m
   Resolution: Δx=0.015 m
   Coupling: ξ=100.0
   Evaluating ρ(x) and Φ(x)...
   Computing G_eff(x)...
   G_eff range: [1.340e-11, 1.000e+00] × G
   Building 68921×68921 sparse system...
   Converting to CSR format...
   Matrix sparsity: 99.99% (nnz=424,835)
   Building diagonal preconditioner...
   Diagonal preconditioner setup: 0.001 s
   Solving with CG with DIAGONAL preconditioner...
   ✅ Converged in 1.14 s!
   Relative residual: 8.898e-09
   φ range: [-3.248e-09, 0.000e+00] m²/s²

3D Poisson Solver
   Grid: 41×41×41 = 68,921 points
   Domain: [-0.3, 0.3]³ m
   Resolution: Δx=0.015 m
   Coupling: ξ=100.0
   Evaluating ρ(x) and Φ(x)...
   Computing G_eff(x)...
   G_eff range: [1.000e+00, 1.000e+00] × G
   Building 68921×68921 sparse system...
   Converting to CSR format...
   Matrix sparsity: 99.99% (nnz=424,835)
   Building diagonal preconditioner...
   Diagonal preconditioner setup: 0.001 s
   Solving with CG with DIAGONAL preconditioner...
   ✅ Converged in 2.75 s!
   Relative residual: 9.218e-09
   φ range: [-3.238e-09, 0.000e+00] m²/s²

3D Poisson Solver
   Grid: 41×41×41 = 68,921 points
   Domain: [-0.3, 0.3]³ m
   Resolution: Δx=0.015 m
   Coupling: ξ=100.0
   Evaluating ρ(x) and Φ(x)...
   Computing G_eff(x)...
   G_eff range: [1.340e-11, 1.000e+00] × G
   Building 68921×68921 sparse system...
   Converting to CSR format...
   Matrix sparsity: 99.99% (nnz=424,835)
   Building diagonal preconditioner...
   Diagonal preconditioner setup: 0.001 s
   Solving with CG with DIAGONAL preconditioner...
   ✅ Converged in 1.12 s!
   Relative residual: 9.096e-09
   φ range: [-3.253e-09, 0.000e+00] m²/s²

3D Poisson Solver
   Grid: 41×41×41 = 68,921 points
   Domain: [-0.3, 0.3]³ m
   Resolution: Δx=0.015 m
   Coupling: ξ=100.0
   Evaluating ρ(x) and Φ(x)...
   Computing G_eff(x)...
   G_eff range: [1.000e+00, 1.000e+00] × G
   Building 68921×68921 sparse system...
   Converting to CSR format...
   Matrix sparsity: 99.99% (nnz=424,835)
   Building diagonal preconditioner...
   Diagonal preconditioner setup: 0.001 s
   Solving with CG with DIAGONAL preconditioner...
   ✅ Converged in 2.00 s!
   Relative residual: 9.218e-09
   φ range: [-3.238e-09, 0.000e+00] m²/s²

3D Poisson Solver
   Grid: 41×41×41 = 68,921 points
   Domain: [-0.3, 0.3]³ m
   Resolution: Δx=0.015 m
   Coupling: ξ=100.0
   Evaluating ρ(x) and Φ(x)...
   Computing G_eff(x)...
   G_eff range: [1.340e-11, 1.000e+00] × G
   Building 68921×68921 sparse system...
   Converting to CSR format...
   Matrix sparsity: 99.99% (nnz=424,835)
   Building diagonal preconditioner...
   Diagonal preconditioner setup: 0.001 s
   Solving with CG with DIAGONAL preconditioner...
   ✅ Converged in 0.65 s!
   Relative residual: 8.897e-09
   φ range: [-3.280e-09, 0.000e+00] m²/s²

3D Poisson Solver
   Grid: 41×41×41 = 68,921 points
   Domain: [-0.3, 0.3]³ m
   Resolution: Δx=0.015 m
   Coupling: ξ=100.0
   Evaluating ρ(x) and Φ(x)...
   Computing G_eff(x)...
   G_eff range: [1.000e+00, 1.000e+00] × G
   Building 68921×68921 sparse system...
   Converting to CSR format...
   Matrix sparsity: 99.99% (nnz=424,835)
   Building diagonal preconditioner...
   Diagonal preconditioner setup: 0.001 s
   Solving with CG with DIAGONAL preconditioner...
   ✅ Converged in 0.22 s!
   Relative residual: 9.218e-09
   φ range: [-3.238e-09, 0.000e+00] m²/s²
  [50/125] Current best: Δτ=1.576e-13 N·m at (-0.050, 0.050, -0.050) m

3D Poisson Solver
   Grid: 41×41×41 = 68,921 points
   Domain: [-0.3, 0.3]³ m
   Resolution: Δx=0.015 m
   Coupling: ξ=100.0
   Evaluating ρ(x) and Φ(x)...
   Computing G_eff(x)...
   G_eff range: [1.340e-11, 1.000e+00] × G
   Building 68921×68921 sparse system...
   Converting to CSR format...
   Matrix sparsity: 99.99% (nnz=424,835)
   Building diagonal preconditioner...
   Diagonal preconditioner setup: 0.001 s
   Solving with CG with DIAGONAL preconditioner...
   ✅ Converged in 0.19 s!
   Relative residual: 8.933e-09
   φ range: [-3.238e-09, 0.000e+00] m²/s²

3D Poisson Solver
   Grid: 41×41×41 = 68,921 points
   Domain: [-0.3, 0.3]³ m
   Resolution: Δx=0.015 m
   Coupling: ξ=100.0
   Evaluating ρ(x) and Φ(x)...
   Computing G_eff(x)...
   G_eff range: [1.000e+00, 1.000e+00] × G
   Building 68921×68921 sparse system...
   Converting to CSR format...
   Matrix sparsity: 99.99% (nnz=424,835)
   Building diagonal preconditioner...
   Diagonal preconditioner setup: 0.001 s
   Solving with CG with DIAGONAL preconditioner...
   ✅ Converged in 0.24 s!
   Relative residual: 9.218e-09
   φ range: [-3.238e-09, 0.000e+00] m²/s²

3D Poisson Solver
   Grid: 41×41×41 = 68,921 points
   Domain: [-0.3, 0.3]³ m
   Resolution: Δx=0.015 m
   Coupling: ξ=100.0
   Evaluating ρ(x) and Φ(x)...
   Computing G_eff(x)...
   G_eff range: [1.340e-11, 1.000e+00] × G
   Building 68921×68921 sparse system...
   Converting to CSR format...
   Matrix sparsity: 99.99% (nnz=424,835)
   Building diagonal preconditioner...
   Diagonal preconditioner setup: 0.001 s
   Solving with CG with DIAGONAL preconditioner...
   ✅ Converged in 0.24 s!
   Relative residual: 8.536e-09
   φ range: [-3.238e-09, 0.000e+00] m²/s²

3D Poisson Solver
   Grid: 41×41×41 = 68,921 points
   Domain: [-0.3, 0.3]³ m
   Resolution: Δx=0.015 m
   Coupling: ξ=100.0
   Evaluating ρ(x) and Φ(x)...
   Computing G_eff(x)...
   G_eff range: [1.000e+00, 1.000e+00] × G
   Building 68921×68921 sparse system...
   Converting to CSR format...
   Matrix sparsity: 99.99% (nnz=424,835)
   Building diagonal preconditioner...
   Diagonal preconditioner setup: 0.001 s
   Solving with CG with DIAGONAL preconditioner...
   ✅ Converged in 0.15 s!
   Relative residual: 9.218e-09
   φ range: [-3.238e-09, 0.000e+00] m²/s²

3D Poisson Solver
   Grid: 41×41×41 = 68,921 points
   Domain: [-0.3, 0.3]³ m
   Resolution: Δx=0.015 m
   Coupling: ξ=100.0
   Evaluating ρ(x) and Φ(x)...
   Computing G_eff(x)...
   G_eff range: [1.340e-11, 1.000e+00] × G
   Building 68921×68921 sparse system...
   Converting to CSR format...
   Matrix sparsity: 99.99% (nnz=424,835)
   Building diagonal preconditioner...
   Diagonal preconditioner setup: 0.001 s
   Solving with CG with DIAGONAL preconditioner...
   ✅ Converged in 0.21 s!
   Relative residual: 9.293e-09
   φ range: [-3.238e-09, 0.000e+00] m²/s²

3D Poisson Solver
   Grid: 41×41×41 = 68,921 points
   Domain: [-0.3, 0.3]³ m
   Resolution: Δx=0.015 m
   Coupling: ξ=100.0
   Evaluating ρ(x) and Φ(x)...
   Computing G_eff(x)...
   G_eff range: [1.000e+00, 1.000e+00] × G
   Building 68921×68921 sparse system...
   Converting to CSR format...
   Matrix sparsity: 99.99% (nnz=424,835)
   Building diagonal preconditioner...
   Diagonal preconditioner setup: 0.001 s
   Solving with CG with DIAGONAL preconditioner...
   ✅ Converged in 0.23 s!
   Relative residual: 9.218e-09
   φ range: [-3.238e-09, 0.000e+00] m²/s²

3D Poisson Solver
   Grid: 41×41×41 = 68,921 points
   Domain: [-0.3, 0.3]³ m
   Resolution: Δx=0.015 m
   Coupling: ξ=100.0
   Evaluating ρ(x) and Φ(x)...
   Computing G_eff(x)...
   G_eff range: [1.340e-11, 1.000e+00] × G
   Building 68921×68921 sparse system...
   Converting to CSR format...
   Matrix sparsity: 99.99% (nnz=424,835)
   Building diagonal preconditioner...
   Diagonal preconditioner setup: 0.001 s
   Solving with CG with DIAGONAL preconditioner...
   ✅ Converged in 0.20 s!
   Relative residual: 9.218e-09
   φ range: [-3.239e-09, 0.000e+00] m²/s²

3D Poisson Solver
   Grid: 41×41×41 = 68,921 points
   Domain: [-0.3, 0.3]³ m
   Resolution: Δx=0.015 m
   Coupling: ξ=100.0
   Evaluating ρ(x) and Φ(x)...
   Computing G_eff(x)...
   G_eff range: [1.000e+00, 1.000e+00] × G
   Building 68921×68921 sparse system...
   Converting to CSR format...
   Matrix sparsity: 99.99% (nnz=424,835)
   Building diagonal preconditioner...
   Diagonal preconditioner setup: 0.001 s
   Solving with CG with DIAGONAL preconditioner...
   ✅ Converged in 0.17 s!
   Relative residual: 9.218e-09
   φ range: [-3.238e-09, 0.000e+00] m²/s²

3D Poisson Solver
   Grid: 41×41×41 = 68,921 points
   Domain: [-0.3, 0.3]³ m
   Resolution: Δx=0.015 m
   Coupling: ξ=100.0
   Evaluating ρ(x) and Φ(x)...
   Computing G_eff(x)...
   G_eff range: [1.340e-11, 1.000e+00] × G
   Building 68921×68921 sparse system...
   Converting to CSR format...
   Matrix sparsity: 99.99% (nnz=424,835)
   Building diagonal preconditioner...
   Diagonal preconditioner setup: 0.001 s
   Solving with CG with DIAGONAL preconditioner...
   ✅ Converged in 1.00 s!
   Relative residual: 9.558e-09
   φ range: [-3.239e-09, 0.000e+00] m²/s²

3D Poisson Solver
   Grid: 41×41×41 = 68,921 points
   Domain: [-0.3, 0.3]³ m
   Resolution: Δx=0.015 m
   Coupling: ξ=100.0
   Evaluating ρ(x) and Φ(x)...
   Computing G_eff(x)...
   G_eff range: [1.000e+00, 1.000e+00] × G
   Building 68921×68921 sparse system...
   Converting to CSR format...
   Matrix sparsity: 99.99% (nnz=424,835)
   Building diagonal preconditioner...
   Diagonal preconditioner setup: 0.001 s
   Solving with CG with DIAGONAL preconditioner...
   ✅ Converged in 0.21 s!
   Relative residual: 9.218e-09
   φ range: [-3.238e-09, 0.000e+00] m²/s²

3D Poisson Solver
   Grid: 41×41×41 = 68,921 points
   Domain: [-0.3, 0.3]³ m
   Resolution: Δx=0.015 m
   Coupling: ξ=100.0
   Evaluating ρ(x) and Φ(x)...
   Computing G_eff(x)...
   G_eff range: [1.340e-11, 1.000e+00] × G
   Building 68921×68921 sparse system...
   Converting to CSR format...
   Matrix sparsity: 99.99% (nnz=424,835)
   Building diagonal preconditioner...
   Diagonal preconditioner setup: 0.001 s
   Solving with CG with DIAGONAL preconditioner...
   ✅ Converged in 1.84 s!
   Relative residual: 9.333e-09
   φ range: [-3.239e-09, 0.000e+00] m²/s²

3D Poisson Solver
   Grid: 41×41×41 = 68,921 points
   Domain: [-0.3, 0.3]³ m
   Resolution: Δx=0.015 m
   Coupling: ξ=100.0
   Evaluating ρ(x) and Φ(x)...
   Computing G_eff(x)...
   G_eff range: [1.000e+00, 1.000e+00] × G
   Building 68921×68921 sparse system...
   Converting to CSR format...
   Matrix sparsity: 99.99% (nnz=424,835)
   Building diagonal preconditioner...
   Diagonal preconditioner setup: 0.001 s
   Solving with CG with DIAGONAL preconditioner...
   ✅ Converged in 0.50 s!
   Relative residual: 9.218e-09
   φ range: [-3.238e-09, 0.000e+00] m²/s²

3D Poisson Solver
   Grid: 41×41×41 = 68,921 points
   Domain: [-0.3, 0.3]³ m
   Resolution: Δx=0.015 m
   Coupling: ξ=100.0
   Evaluating ρ(x) and Φ(x)...
   Computing G_eff(x)...
   G_eff range: [1.340e-11, 1.000e+00] × G
   Building 68921×68921 sparse system...
   Converting to CSR format...
   Matrix sparsity: 99.99% (nnz=424,835)
   Building diagonal preconditioner...
   Diagonal preconditioner setup: 0.001 s
   Solving with CG with DIAGONAL preconditioner...
   ✅ Converged in 0.64 s!
   Relative residual: 9.731e-09
   φ range: [-3.239e-09, 0.000e+00] m²/s²

3D Poisson Solver
   Grid: 41×41×41 = 68,921 points
   Domain: [-0.3, 0.3]³ m
   Resolution: Δx=0.015 m
   Coupling: ξ=100.0
   Evaluating ρ(x) and Φ(x)...
   Computing G_eff(x)...
   G_eff range: [1.000e+00, 1.000e+00] × G
   Building 68921×68921 sparse system...
   Converting to CSR format...
   Matrix sparsity: 99.99% (nnz=424,835)
   Building diagonal preconditioner...
   Diagonal preconditioner setup: 0.001 s
   Solving with CG with DIAGONAL preconditioner...
   ✅ Converged in 0.19 s!
   Relative residual: 9.218e-09
   φ range: [-3.238e-09, 0.000e+00] m²/s²
  [60/125] Current best: Δτ=5.344e-13 N·m at (0.000, -0.050, -0.050) m

3D Poisson Solver
   Grid: 41×41×41 = 68,921 points
   Domain: [-0.3, 0.3]³ m
   Resolution: Δx=0.015 m
   Coupling: ξ=100.0
   Evaluating ρ(x) and Φ(x)...
   Computing G_eff(x)...
   G_eff range: [1.340e-11, 1.000e+00] × G
   Building 68921×68921 sparse system...
   Converting to CSR format...
   Matrix sparsity: 99.99% (nnz=424,835)
   Building diagonal preconditioner...
   Diagonal preconditioner setup: 0.001 s
   Solving with CG with DIAGONAL preconditioner...
   ✅ Converged in 0.25 s!
   Relative residual: 9.688e-09
   φ range: [-3.239e-09, 0.000e+00] m²/s²

3D Poisson Solver
   Grid: 41×41×41 = 68,921 points
   Domain: [-0.3, 0.3]³ m
   Resolution: Δx=0.015 m
   Coupling: ξ=100.0
   Evaluating ρ(x) and Φ(x)...
   Computing G_eff(x)...
   G_eff range: [1.000e+00, 1.000e+00] × G
   Building 68921×68921 sparse system...
   Converting to CSR format...
   Matrix sparsity: 99.99% (nnz=424,835)
   Building diagonal preconditioner...
   Diagonal preconditioner setup: 0.001 s
   Solving with CG with DIAGONAL preconditioner...
   ✅ Converged in 0.30 s!
   Relative residual: 9.218e-09
   φ range: [-3.238e-09, 0.000e+00] m²/s²

3D Poisson Solver
   Grid: 41×41×41 = 68,921 points
   Domain: [-0.3, 0.3]³ m
   Resolution: Δx=0.015 m
   Coupling: ξ=100.0
   Evaluating ρ(x) and Φ(x)...
   Computing G_eff(x)...
   G_eff range: [1.340e-11, 1.000e+00] × G
   Building 68921×68921 sparse system...
   Converting to CSR format...
   Matrix sparsity: 99.99% (nnz=424,835)
   Building diagonal preconditioner...
   Diagonal preconditioner setup: 0.001 s
   Solving with CG with DIAGONAL preconditioner...
   ✅ Converged in 0.50 s!
   Relative residual: 9.572e-09
   φ range: [-3.239e-09, 0.000e+00] m²/s²

3D Poisson Solver
   Grid: 41×41×41 = 68,921 points
   Domain: [-0.3, 0.3]³ m
   Resolution: Δx=0.015 m
   Coupling: ξ=100.0
   Evaluating ρ(x) and Φ(x)...
   Computing G_eff(x)...
   G_eff range: [1.000e+00, 1.000e+00] × G
   Building 68921×68921 sparse system...
   Converting to CSR format...
   Matrix sparsity: 99.99% (nnz=424,835)
   Building diagonal preconditioner...
   Diagonal preconditioner setup: 0.001 s
   Solving with CG with DIAGONAL preconditioner...
   ✅ Converged in 0.18 s!
   Relative residual: 9.218e-09
   φ range: [-3.238e-09, 0.000e+00] m²/s²

3D Poisson Solver
   Grid: 41×41×41 = 68,921 points
   Domain: [-0.3, 0.3]³ m
   Resolution: Δx=0.015 m
   Coupling: ξ=100.0
   Evaluating ρ(x) and Φ(x)...
   Computing G_eff(x)...
   G_eff range: [1.340e-11, 1.000e+00] × G
   Building 68921×68921 sparse system...
   Converting to CSR format...
   Matrix sparsity: 99.99% (nnz=424,835)
   Building diagonal preconditioner...
   Diagonal preconditioner setup: 0.001 s
   Solving with CG with DIAGONAL preconditioner...
   ✅ Converged in 0.30 s!
   Relative residual: 9.955e-09
   φ range: [-3.239e-09, 0.000e+00] m²/s²

3D Poisson Solver
   Grid: 41×41×41 = 68,921 points
   Domain: [-0.3, 0.3]³ m
   Resolution: Δx=0.015 m
   Coupling: ξ=100.0
   Evaluating ρ(x) and Φ(x)...
   Computing G_eff(x)...
   G_eff range: [1.000e+00, 1.000e+00] × G
   Building 68921×68921 sparse system...
   Converting to CSR format...
   Matrix sparsity: 99.99% (nnz=424,835)
   Building diagonal preconditioner...
   Diagonal preconditioner setup: 0.001 s
   Solving with CG with DIAGONAL preconditioner...
   ✅ Converged in 0.21 s!
   Relative residual: 9.218e-09
   φ range: [-3.238e-09, 0.000e+00] m²/s²

3D Poisson Solver
   Grid: 41×41×41 = 68,921 points
   Domain: [-0.3, 0.3]³ m
   Resolution: Δx=0.015 m
   Coupling: ξ=100.0
   Evaluating ρ(x) and Φ(x)...
   Computing G_eff(x)...
   G_eff range: [1.340e-11, 1.000e+00] × G
   Building 68921×68921 sparse system...
   Converting to CSR format...
   Matrix sparsity: 99.99% (nnz=424,835)
   Building diagonal preconditioner...
   Diagonal preconditioner setup: 0.001 s
   Solving with CG with DIAGONAL preconditioner...
   ✅ Converged in 0.26 s!
   Relative residual: 8.238e-09
   φ range: [-3.240e-09, 0.000e+00] m²/s²

3D Poisson Solver
   Grid: 41×41×41 = 68,921 points
   Domain: [-0.3, 0.3]³ m
   Resolution: Δx=0.015 m
   Coupling: ξ=100.0
   Evaluating ρ(x) and Φ(x)...
   Computing G_eff(x)...
   G_eff range: [1.000e+00, 1.000e+00] × G
   Building 68921×68921 sparse system...
   Converting to CSR format...
   Matrix sparsity: 99.99% (nnz=424,835)
   Building diagonal preconditioner...
   Diagonal preconditioner setup: 0.001 s
   Solving with CG with DIAGONAL preconditioner...
   ✅ Converged in 0.38 s!
   Relative residual: 9.218e-09
   φ range: [-3.238e-09, 0.000e+00] m²/s²

3D Poisson Solver
   Grid: 41×41×41 = 68,921 points
   Domain: [-0.3, 0.3]³ m
   Resolution: Δx=0.015 m
   Coupling: ξ=100.0
   Evaluating ρ(x) and Φ(x)...
   Computing G_eff(x)...
   G_eff range: [1.340e-11, 1.000e+00] × G
   Building 68921×68921 sparse system...
   Converting to CSR format...
   Matrix sparsity: 99.99% (nnz=424,835)
   Building diagonal preconditioner...
   Diagonal preconditioner setup: 0.001 s
   Solving with CG with DIAGONAL preconditioner...
   ✅ Converged in 0.43 s!
   Relative residual: 8.916e-09
   φ range: [-3.241e-09, 0.000e+00] m²/s²

3D Poisson Solver
   Grid: 41×41×41 = 68,921 points
   Domain: [-0.3, 0.3]³ m
   Resolution: Δx=0.015 m
   Coupling: ξ=100.0
   Evaluating ρ(x) and Φ(x)...
   Computing G_eff(x)...
   G_eff range: [1.000e+00, 1.000e+00] × G
   Building 68921×68921 sparse system...
   Converting to CSR format...
   Matrix sparsity: 99.99% (nnz=424,835)
   Building diagonal preconditioner...
   Diagonal preconditioner setup: 0.001 s
   Solving with CG with DIAGONAL preconditioner...
   ✅ Converged in 0.21 s!
   Relative residual: 9.218e-09
   φ range: [-3.238e-09, 0.000e+00] m²/s²

3D Poisson Solver
   Grid: 41×41×41 = 68,921 points
   Domain: [-0.3, 0.3]³ m
   Resolution: Δx=0.015 m
   Coupling: ξ=100.0
   Evaluating ρ(x) and Φ(x)...
   Computing G_eff(x)...
   G_eff range: [1.340e-11, 1.000e+00] × G
   Building 68921×68921 sparse system...
   Converting to CSR format...
   Matrix sparsity: 99.99% (nnz=424,835)
   Building diagonal preconditioner...
   Diagonal preconditioner setup: 0.001 s
   Solving with CG with DIAGONAL preconditioner...
   ✅ Converged in 0.39 s!
   Relative residual: 9.315e-09
   φ range: [-3.241e-09, 0.000e+00] m²/s²

3D Poisson Solver
   Grid: 41×41×41 = 68,921 points
   Domain: [-0.3, 0.3]³ m
   Resolution: Δx=0.015 m
   Coupling: ξ=100.0
   Evaluating ρ(x) and Φ(x)...
   Computing G_eff(x)...
   G_eff range: [1.000e+00, 1.000e+00] × G
   Building 68921×68921 sparse system...
   Converting to CSR format...
   Matrix sparsity: 99.99% (nnz=424,835)
   Building diagonal preconditioner...
   Diagonal preconditioner setup: 0.001 s
   Solving with CG with DIAGONAL preconditioner...
   ✅ Converged in 0.23 s!
   Relative residual: 9.218e-09
   φ range: [-3.238e-09, 0.000e+00] m²/s²

3D Poisson Solver
   Grid: 41×41×41 = 68,921 points
   Domain: [-0.3, 0.3]³ m
   Resolution: Δx=0.015 m
   Coupling: ξ=100.0
   Evaluating ρ(x) and Φ(x)...
   Computing G_eff(x)...
   G_eff range: [1.340e-11, 1.000e+00] × G
   Building 68921×68921 sparse system...
   Converting to CSR format...
   Matrix sparsity: 99.99% (nnz=424,835)
   Building diagonal preconditioner...
   Diagonal preconditioner setup: 0.001 s
   Solving with CG with DIAGONAL preconditioner...
   ✅ Converged in 0.35 s!
   Relative residual: 9.386e-09
   φ range: [-3.241e-09, 0.000e+00] m²/s²

3D Poisson Solver
   Grid: 41×41×41 = 68,921 points
   Domain: [-0.3, 0.3]³ m
   Resolution: Δx=0.015 m
   Coupling: ξ=100.0
   Evaluating ρ(x) and Φ(x)...
   Computing G_eff(x)...
   G_eff range: [1.000e+00, 1.000e+00] × G
   Building 68921×68921 sparse system...
   Converting to CSR format...
   Matrix sparsity: 99.99% (nnz=424,835)
   Building diagonal preconditioner...
   Diagonal preconditioner setup: 0.001 s
   Solving with CG with DIAGONAL preconditioner...
   ✅ Converged in 0.32 s!
   Relative residual: 9.218e-09
   φ range: [-3.238e-09, 0.000e+00] m²/s²
  [70/125] Current best: Δτ=-1.179e-12 N·m at (0.000, 0.000, -0.050) m

3D Poisson Solver
   Grid: 41×41×41 = 68,921 points
   Domain: [-0.3, 0.3]³ m
   Resolution: Δx=0.015 m
   Coupling: ξ=100.0
   Evaluating ρ(x) and Φ(x)...
   Computing G_eff(x)...
   G_eff range: [1.340e-11, 1.000e+00] × G
   Building 68921×68921 sparse system...
   Converting to CSR format...
   Matrix sparsity: 99.99% (nnz=424,835)
   Building diagonal preconditioner...
   Diagonal preconditioner setup: 0.001 s
   Solving with CG with DIAGONAL preconditioner...
   ✅ Converged in 0.76 s!
   Relative residual: 9.189e-09
   φ range: [-3.240e-09, 0.000e+00] m²/s²

3D Poisson Solver
   Grid: 41×41×41 = 68,921 points
   Domain: [-0.3, 0.3]³ m
   Resolution: Δx=0.015 m
   Coupling: ξ=100.0
   Evaluating ρ(x) and Φ(x)...
   Computing G_eff(x)...
   G_eff range: [1.000e+00, 1.000e+00] × G
   Building 68921×68921 sparse system...
   Converting to CSR format...
   Matrix sparsity: 99.99% (nnz=424,835)
   Building diagonal preconditioner...
   Diagonal preconditioner setup: 0.001 s
   Solving with CG with DIAGONAL preconditioner...
   ✅ Converged in 0.21 s!
   Relative residual: 9.218e-09
   φ range: [-3.238e-09, 0.000e+00] m²/s²

3D Poisson Solver
   Grid: 41×41×41 = 68,921 points
   Domain: [-0.3, 0.3]³ m
   Resolution: Δx=0.015 m
   Coupling: ξ=100.0
   Evaluating ρ(x) and Φ(x)...
   Computing G_eff(x)...
   G_eff range: [1.340e-11, 1.000e+00] × G
   Building 68921×68921 sparse system...
   Converting to CSR format...
   Matrix sparsity: 99.99% (nnz=424,835)
   Building diagonal preconditioner...
   Diagonal preconditioner setup: 0.001 s
   Solving with CG with DIAGONAL preconditioner...
   ✅ Converged in 0.19 s!
   Relative residual: 9.306e-09
   φ range: [-3.241e-09, 0.000e+00] m²/s²

3D Poisson Solver
   Grid: 41×41×41 = 68,921 points
   Domain: [-0.3, 0.3]³ m
   Resolution: Δx=0.015 m
   Coupling: ξ=100.0
   Evaluating ρ(x) and Φ(x)...
   Computing G_eff(x)...
   G_eff range: [1.000e+00, 1.000e+00] × G
   Building 68921×68921 sparse system...
   Converting to CSR format...
   Matrix sparsity: 99.99% (nnz=424,835)
   Building diagonal preconditioner...
   Diagonal preconditioner setup: 0.001 s
   Solving with CG with DIAGONAL preconditioner...
   ✅ Converged in 0.14 s!
   Relative residual: 9.218e-09
   φ range: [-3.238e-09, 0.000e+00] m²/s²

3D Poisson Solver
   Grid: 41×41×41 = 68,921 points
   Domain: [-0.3, 0.3]³ m
   Resolution: Δx=0.015 m
   Coupling: ξ=100.0
   Evaluating ρ(x) and Φ(x)...
   Computing G_eff(x)...
   G_eff range: [1.340e-11, 1.000e+00] × G
   Building 68921×68921 sparse system...
   Converting to CSR format...
   Matrix sparsity: 99.99% (nnz=424,835)
   Building diagonal preconditioner...
   Diagonal preconditioner setup: 0.001 s
   Solving with CG with DIAGONAL preconditioner...
   ✅ Converged in 0.22 s!
   Relative residual: 9.123e-09
   φ range: [-3.238e-09, 0.000e+00] m²/s²

3D Poisson Solver
   Grid: 41×41×41 = 68,921 points
   Domain: [-0.3, 0.3]³ m
   Resolution: Δx=0.015 m
   Coupling: ξ=100.0
   Evaluating ρ(x) and Φ(x)...
   Computing G_eff(x)...
   G_eff range: [1.000e+00, 1.000e+00] × G
   Building 68921×68921 sparse system...
   Converting to CSR format...
   Matrix sparsity: 99.99% (nnz=424,835)
   Building diagonal preconditioner...
   Diagonal preconditioner setup: 0.001 s
   Solving with CG with DIAGONAL preconditioner...
   ✅ Converged in 0.27 s!
   Relative residual: 9.218e-09
   φ range: [-3.238e-09, 0.000e+00] m²/s²

3D Poisson Solver
   Grid: 41×41×41 = 68,921 points
   Domain: [-0.3, 0.3]³ m
   Resolution: Δx=0.015 m
   Coupling: ξ=100.0
   Evaluating ρ(x) and Φ(x)...
   Computing G_eff(x)...
   G_eff range: [1.340e-11, 1.000e+00] × G
   Building 68921×68921 sparse system...
   Converting to CSR format...
   Matrix sparsity: 99.99% (nnz=424,835)
   Building diagonal preconditioner...
   Diagonal preconditioner setup: 0.001 s
   Solving with CG with DIAGONAL preconditioner...
   ✅ Converged in 0.18 s!
   Relative residual: 8.440e-09
   φ range: [-3.239e-09, 0.000e+00] m²/s²

3D Poisson Solver
   Grid: 41×41×41 = 68,921 points
   Domain: [-0.3, 0.3]³ m
   Resolution: Δx=0.015 m
   Coupling: ξ=100.0
   Evaluating ρ(x) and Φ(x)...
   Computing G_eff(x)...
   G_eff range: [1.000e+00, 1.000e+00] × G
   Building 68921×68921 sparse system...
   Converting to CSR format...
   Matrix sparsity: 99.99% (nnz=424,835)
   Building diagonal preconditioner...
   Diagonal preconditioner setup: 0.001 s
   Solving with CG with DIAGONAL preconditioner...
   ✅ Converged in 0.14 s!
   Relative residual: 9.218e-09
   φ range: [-3.238e-09, 0.000e+00] m²/s²

3D Poisson Solver
   Grid: 41×41×41 = 68,921 points
   Domain: [-0.3, 0.3]³ m
   Resolution: Δx=0.015 m
   Coupling: ξ=100.0
   Evaluating ρ(x) and Φ(x)...
   Computing G_eff(x)...
   G_eff range: [1.340e-11, 1.000e+00] × G
   Building 68921×68921 sparse system...
   Converting to CSR format...
   Matrix sparsity: 99.99% (nnz=424,835)
   Building diagonal preconditioner...
   Diagonal preconditioner setup: 0.001 s
   Solving with CG with DIAGONAL preconditioner...
   ✅ Converged in 0.37 s!
   Relative residual: 8.143e-09
   φ range: [-3.239e-09, 0.000e+00] m²/s²

3D Poisson Solver
   Grid: 41×41×41 = 68,921 points
   Domain: [-0.3, 0.3]³ m
   Resolution: Δx=0.015 m
   Coupling: ξ=100.0
   Evaluating ρ(x) and Φ(x)...
   Computing G_eff(x)...
   G_eff range: [1.000e+00, 1.000e+00] × G
   Building 68921×68921 sparse system...
   Converting to CSR format...
   Matrix sparsity: 99.99% (nnz=424,835)
   Building diagonal preconditioner...
   Diagonal preconditioner setup: 0.001 s
   Solving with CG with DIAGONAL preconditioner...
   ✅ Converged in 1.01 s!
   Relative residual: 9.218e-09
   φ range: [-3.238e-09, 0.000e+00] m²/s²

3D Poisson Solver
   Grid: 41×41×41 = 68,921 points
   Domain: [-0.3, 0.3]³ m
   Resolution: Δx=0.015 m
   Coupling: ξ=100.0
   Evaluating ρ(x) and Φ(x)...
   Computing G_eff(x)...
   G_eff range: [1.340e-11, 1.000e+00] × G
   Building 68921×68921 sparse system...
   Converting to CSR format...
   Matrix sparsity: 99.99% (nnz=424,835)
   Building diagonal preconditioner...
   Diagonal preconditioner setup: 0.001 s
   Solving with CG with DIAGONAL preconditioner...
   ✅ Converged in 0.22 s!
   Relative residual: 9.002e-09
   φ range: [-3.239e-09, 0.000e+00] m²/s²

3D Poisson Solver
   Grid: 41×41×41 = 68,921 points
   Domain: [-0.3, 0.3]³ m
   Resolution: Δx=0.015 m
   Coupling: ξ=100.0
   Evaluating ρ(x) and Φ(x)...
   Computing G_eff(x)...
   G_eff range: [1.000e+00, 1.000e+00] × G
   Building 68921×68921 sparse system...
   Converting to CSR format...
   Matrix sparsity: 99.99% (nnz=424,835)
   Building diagonal preconditioner...
   Diagonal preconditioner setup: 0.001 s
   Solving with CG with DIAGONAL preconditioner...
   ✅ Converged in 0.23 s!
   Relative residual: 9.218e-09
   φ range: [-3.238e-09, 0.000e+00] m²/s²

3D Poisson Solver
   Grid: 41×41×41 = 68,921 points
   Domain: [-0.3, 0.3]³ m
   Resolution: Δx=0.015 m
   Coupling: ξ=100.0
   Evaluating ρ(x) and Φ(x)...
   Computing G_eff(x)...
   G_eff range: [1.340e-11, 1.000e+00] × G
   Building 68921×68921 sparse system...
   Converting to CSR format...
   Matrix sparsity: 99.99% (nnz=424,835)
   Building diagonal preconditioner...
   Diagonal preconditioner setup: 0.001 s
   Solving with CG with DIAGONAL preconditioner...
   ✅ Converged in 0.20 s!
   Relative residual: 9.936e-09
   φ range: [-3.239e-09, 0.000e+00] m²/s²

3D Poisson Solver
   Grid: 41×41×41 = 68,921 points
   Domain: [-0.3, 0.3]³ m
   Resolution: Δx=0.015 m
   Coupling: ξ=100.0
   Evaluating ρ(x) and Φ(x)...
   Computing G_eff(x)...
   G_eff range: [1.000e+00, 1.000e+00] × G
   Building 68921×68921 sparse system...
   Converting to CSR format...
   Matrix sparsity: 99.99% (nnz=424,835)
   Building diagonal preconditioner...
   Diagonal preconditioner setup: 0.001 s
   Solving with CG with DIAGONAL preconditioner...
   ✅ Converged in 0.18 s!
   Relative residual: 9.218e-09
   φ range: [-3.238e-09, 0.000e+00] m²/s²
  [80/125] Current best: Δτ=-1.179e-12 N·m at (0.000, 0.000, -0.050) m

3D Poisson Solver
   Grid: 41×41×41 = 68,921 points
   Domain: [-0.3, 0.3]³ m
   Resolution: Δx=0.015 m
   Coupling: ξ=100.0
   Evaluating ρ(x) and Φ(x)...
   Computing G_eff(x)...
   G_eff range: [1.340e-11, 1.000e+00] × G
   Building 68921×68921 sparse system...
   Converting to CSR format...
   Matrix sparsity: 99.99% (nnz=424,835)
   Building diagonal preconditioner...
   Diagonal preconditioner setup: 0.001 s
   Solving with CG with DIAGONAL preconditioner...
   ✅ Converged in 0.20 s!
   Relative residual: 9.756e-09
   φ range: [-3.239e-09, 0.000e+00] m²/s²

3D Poisson Solver
   Grid: 41×41×41 = 68,921 points
   Domain: [-0.3, 0.3]³ m
   Resolution: Δx=0.015 m
   Coupling: ξ=100.0
   Evaluating ρ(x) and Φ(x)...
   Computing G_eff(x)...
   G_eff range: [1.000e+00, 1.000e+00] × G
   Building 68921×68921 sparse system...
   Converting to CSR format...
   Matrix sparsity: 99.99% (nnz=424,835)
   Building diagonal preconditioner...
   Diagonal preconditioner setup: 0.001 s
   Solving with CG with DIAGONAL preconditioner...
   ✅ Converged in 0.49 s!
   Relative residual: 9.218e-09
   φ range: [-3.238e-09, 0.000e+00] m²/s²

3D Poisson Solver
   Grid: 41×41×41 = 68,921 points
   Domain: [-0.3, 0.3]³ m
   Resolution: Δx=0.015 m
   Coupling: ξ=100.0
   Evaluating ρ(x) and Φ(x)...
   Computing G_eff(x)...
   G_eff range: [1.340e-11, 1.000e+00] × G
   Building 68921×68921 sparse system...
   Converting to CSR format...
   Matrix sparsity: 99.99% (nnz=424,835)
   Building diagonal preconditioner...
   Diagonal preconditioner setup: 0.001 s
   Solving with CG with DIAGONAL preconditioner...
   ✅ Converged in 0.20 s!
   Relative residual: 9.700e-09
   φ range: [-3.239e-09, 0.000e+00] m²/s²

3D Poisson Solver
   Grid: 41×41×41 = 68,921 points
   Domain: [-0.3, 0.3]³ m
   Resolution: Δx=0.015 m
   Coupling: ξ=100.0
   Evaluating ρ(x) and Φ(x)...
   Computing G_eff(x)...
   G_eff range: [1.000e+00, 1.000e+00] × G
   Building 68921×68921 sparse system...
   Converting to CSR format...
   Matrix sparsity: 99.99% (nnz=424,835)
   Building diagonal preconditioner...
   Diagonal preconditioner setup: 0.001 s
   Solving with CG with DIAGONAL preconditioner...
   ✅ Converged in 0.16 s!
   Relative residual: 9.218e-09
   φ range: [-3.238e-09, 0.000e+00] m²/s²

3D Poisson Solver
   Grid: 41×41×41 = 68,921 points
   Domain: [-0.3, 0.3]³ m
   Resolution: Δx=0.015 m
   Coupling: ξ=100.0
   Evaluating ρ(x) and Φ(x)...
   Computing G_eff(x)...
   G_eff range: [1.340e-11, 1.000e+00] × G
   Building 68921×68921 sparse system...
   Converting to CSR format...
   Matrix sparsity: 99.99% (nnz=424,835)
   Building diagonal preconditioner...
   Diagonal preconditioner setup: 0.001 s
   Solving with CG with DIAGONAL preconditioner...
   ✅ Converged in 0.20 s!
   Relative residual: 8.226e-09
   φ range: [-3.240e-09, 0.000e+00] m²/s²

3D Poisson Solver
   Grid: 41×41×41 = 68,921 points
   Domain: [-0.3, 0.3]³ m
   Resolution: Δx=0.015 m
   Coupling: ξ=100.0
   Evaluating ρ(x) and Φ(x)...
   Computing G_eff(x)...
   G_eff range: [1.000e+00, 1.000e+00] × G
   Building 68921×68921 sparse system...
   Converting to CSR format...
   Matrix sparsity: 99.99% (nnz=424,835)
   Building diagonal preconditioner...
   Diagonal preconditioner setup: 0.001 s
   Solving with CG with DIAGONAL preconditioner...
   ✅ Converged in 0.17 s!
   Relative residual: 9.218e-09
   φ range: [-3.238e-09, 0.000e+00] m²/s²

3D Poisson Solver
   Grid: 41×41×41 = 68,921 points
   Domain: [-0.3, 0.3]³ m
   Resolution: Δx=0.015 m
   Coupling: ξ=100.0
   Evaluating ρ(x) and Φ(x)...
   Computing G_eff(x)...
   G_eff range: [1.340e-11, 1.000e+00] × G
   Building 68921×68921 sparse system...
   Converting to CSR format...
   Matrix sparsity: 99.99% (nnz=424,835)
   Building diagonal preconditioner...
   Diagonal preconditioner setup: 0.001 s
   Solving with CG with DIAGONAL preconditioner...
   ✅ Converged in 0.30 s!
   Relative residual: 8.785e-09
   φ range: [-3.240e-09, 0.000e+00] m²/s²

3D Poisson Solver
   Grid: 41×41×41 = 68,921 points
   Domain: [-0.3, 0.3]³ m
   Resolution: Δx=0.015 m
   Coupling: ξ=100.0
   Evaluating ρ(x) and Φ(x)...
   Computing G_eff(x)...
   G_eff range: [1.000e+00, 1.000e+00] × G
   Building 68921×68921 sparse system...
   Converting to CSR format...
   Matrix sparsity: 99.99% (nnz=424,835)
   Building diagonal preconditioner...
   Diagonal preconditioner setup: 0.001 s
   Solving with CG with DIAGONAL preconditioner...
   ✅ Converged in 0.46 s!
   Relative residual: 9.218e-09
   φ range: [-3.238e-09, 0.000e+00] m²/s²

3D Poisson Solver
   Grid: 41×41×41 = 68,921 points
   Domain: [-0.3, 0.3]³ m
   Resolution: Δx=0.015 m
   Coupling: ξ=100.0
   Evaluating ρ(x) and Φ(x)...
   Computing G_eff(x)...
   G_eff range: [1.340e-11, 1.000e+00] × G
   Building 68921×68921 sparse system...
   Converting to CSR format...
   Matrix sparsity: 99.99% (nnz=424,835)
   Building diagonal preconditioner...
   Diagonal preconditioner setup: 0.001 s
   Solving with CG with DIAGONAL preconditioner...
   ✅ Converged in 0.18 s!
   Relative residual: 8.777e-09
   φ range: [-3.240e-09, 0.000e+00] m²/s²

3D Poisson Solver
   Grid: 41×41×41 = 68,921 points
   Domain: [-0.3, 0.3]³ m
   Resolution: Δx=0.015 m
   Coupling: ξ=100.0
   Evaluating ρ(x) and Φ(x)...
   Computing G_eff(x)...
   G_eff range: [1.000e+00, 1.000e+00] × G
   Building 68921×68921 sparse system...
   Converting to CSR format...
   Matrix sparsity: 99.99% (nnz=424,835)
   Building diagonal preconditioner...
   Diagonal preconditioner setup: 0.001 s
   Solving with CG with DIAGONAL preconditioner...
   ✅ Converged in 0.16 s!
   Relative residual: 9.218e-09
   φ range: [-3.238e-09, 0.000e+00] m²/s²

3D Poisson Solver
   Grid: 41×41×41 = 68,921 points
   Domain: [-0.3, 0.3]³ m
   Resolution: Δx=0.015 m
   Coupling: ξ=100.0
   Evaluating ρ(x) and Φ(x)...
   Computing G_eff(x)...
   G_eff range: [1.340e-11, 1.000e+00] × G
   Building 68921×68921 sparse system...
   Converting to CSR format...
   Matrix sparsity: 99.99% (nnz=424,835)
   Building diagonal preconditioner...
   Diagonal preconditioner setup: 0.001 s
   Solving with CG with DIAGONAL preconditioner...
   ✅ Converged in 0.24 s!
   Relative residual: 8.950e-09
   φ range: [-3.239e-09, 0.000e+00] m²/s²

3D Poisson Solver
   Grid: 41×41×41 = 68,921 points
   Domain: [-0.3, 0.3]³ m
   Resolution: Δx=0.015 m
   Coupling: ξ=100.0
   Evaluating ρ(x) and Φ(x)...
   Computing G_eff(x)...
   G_eff range: [1.000e+00, 1.000e+00] × G
   Building 68921×68921 sparse system...
   Converting to CSR format...
   Matrix sparsity: 99.99% (nnz=424,835)
   Building diagonal preconditioner...
   Diagonal preconditioner setup: 0.001 s
   Solving with CG with DIAGONAL preconditioner...
   ✅ Converged in 0.15 s!
   Relative residual: 9.218e-09
   φ range: [-3.238e-09, 0.000e+00] m²/s²

3D Poisson Solver
   Grid: 41×41×41 = 68,921 points
   Domain: [-0.3, 0.3]³ m
   Resolution: Δx=0.015 m
   Coupling: ξ=100.0
   Evaluating ρ(x) and Φ(x)...
   Computing G_eff(x)...
   G_eff range: [1.340e-11, 1.000e+00] × G
   Building 68921×68921 sparse system...
   Converting to CSR format...
   Matrix sparsity: 99.99% (nnz=424,835)
   Building diagonal preconditioner...
   Diagonal preconditioner setup: 0.001 s
   Solving with CG with DIAGONAL preconditioner...
   ✅ Converged in 0.33 s!
   Relative residual: 8.838e-09
   φ range: [-3.240e-09, 0.000e+00] m²/s²

3D Poisson Solver
   Grid: 41×41×41 = 68,921 points
   Domain: [-0.3, 0.3]³ m
   Resolution: Δx=0.015 m
   Coupling: ξ=100.0
   Evaluating ρ(x) and Φ(x)...
   Computing G_eff(x)...
   G_eff range: [1.000e+00, 1.000e+00] × G
   Building 68921×68921 sparse system...
   Converting to CSR format...
   Matrix sparsity: 99.99% (nnz=424,835)
   Building diagonal preconditioner...
   Diagonal preconditioner setup: 0.001 s
   Solving with CG with DIAGONAL preconditioner...
   ✅ Converged in 0.17 s!
   Relative residual: 9.218e-09
   φ range: [-3.238e-09, 0.000e+00] m²/s²

3D Poisson Solver
   Grid: 41×41×41 = 68,921 points
   Domain: [-0.3, 0.3]³ m
   Resolution: Δx=0.015 m
   Coupling: ξ=100.0
   Evaluating ρ(x) and Φ(x)...
   Computing G_eff(x)...
   G_eff range: [1.340e-11, 1.000e+00] × G
   Building 68921×68921 sparse system...
   Converting to CSR format...
   Matrix sparsity: 99.99% (nnz=424,835)
   Building diagonal preconditioner...
   Diagonal preconditioner setup: 0.001 s
   Solving with CG with DIAGONAL preconditioner...
   ✅ Converged in 1.10 s!
   Relative residual: 9.709e-09
   φ range: [-3.241e-09, 0.000e+00] m²/s²

3D Poisson Solver
   Grid: 41×41×41 = 68,921 points
   Domain: [-0.3, 0.3]³ m
   Resolution: Δx=0.015 m
   Coupling: ξ=100.0
   Evaluating ρ(x) and Φ(x)...
   Computing G_eff(x)...
   G_eff range: [1.000e+00, 1.000e+00] × G
   Building 68921×68921 sparse system...
   Converting to CSR format...
   Matrix sparsity: 99.99% (nnz=424,835)
   Building diagonal preconditioner...
   Diagonal preconditioner setup: 0.001 s
   Solving with CG with DIAGONAL preconditioner...
   ✅ Converged in 0.16 s!
   Relative residual: 9.218e-09
   φ range: [-3.238e-09, 0.000e+00] m²/s²

3D Poisson Solver
   Grid: 41×41×41 = 68,921 points
   Domain: [-0.3, 0.3]³ m
   Resolution: Δx=0.015 m
   Coupling: ξ=100.0
   Evaluating ρ(x) and Φ(x)...
   Computing G_eff(x)...
   G_eff range: [1.340e-11, 1.000e+00] × G
   Building 68921×68921 sparse system...
   Converting to CSR format...
   Matrix sparsity: 99.99% (nnz=424,835)
   Building diagonal preconditioner...
   Diagonal preconditioner setup: 0.001 s
   Solving with CG with DIAGONAL preconditioner...
   ✅ Converged in 0.23 s!
   Relative residual: 9.729e-09
   φ range: [-3.242e-09, 0.000e+00] m²/s²

3D Poisson Solver
   Grid: 41×41×41 = 68,921 points
   Domain: [-0.3, 0.3]³ m
   Resolution: Δx=0.015 m
   Coupling: ξ=100.0
   Evaluating ρ(x) and Φ(x)...
   Computing G_eff(x)...
   G_eff range: [1.000e+00, 1.000e+00] × G
   Building 68921×68921 sparse system...
   Converting to CSR format...
   Matrix sparsity: 99.99% (nnz=424,835)
   Building diagonal preconditioner...
   Diagonal preconditioner setup: 0.001 s
   Solving with CG with DIAGONAL preconditioner...
   ✅ Converged in 0.17 s!
   Relative residual: 9.218e-09
   φ range: [-3.238e-09, 0.000e+00] m²/s²

3D Poisson Solver
   Grid: 41×41×41 = 68,921 points
   Domain: [-0.3, 0.3]³ m
   Resolution: Δx=0.015 m
   Coupling: ξ=100.0
   Evaluating ρ(x) and Φ(x)...
   Computing G_eff(x)...
   G_eff range: [1.340e-11, 1.000e+00] × G
   Building 68921×68921 sparse system...
   Converting to CSR format...
   Matrix sparsity: 99.99% (nnz=424,835)
   Building diagonal preconditioner...
   Diagonal preconditioner setup: 0.001 s
   Solving with CG with DIAGONAL preconditioner...
   ✅ Converged in 0.20 s!
   Relative residual: 9.623e-09
   φ range: [-3.244e-09, 0.000e+00] m²/s²

3D Poisson Solver
   Grid: 41×41×41 = 68,921 points
   Domain: [-0.3, 0.3]³ m
   Resolution: Δx=0.015 m
   Coupling: ξ=100.0
   Evaluating ρ(x) and Φ(x)...
   Computing G_eff(x)...
   G_eff range: [1.000e+00, 1.000e+00] × G
   Building 68921×68921 sparse system...
   Converting to CSR format...
   Matrix sparsity: 99.99% (nnz=424,835)
   Building diagonal preconditioner...
   Diagonal preconditioner setup: 0.001 s
   Solving with CG with DIAGONAL preconditioner...
   ✅ Converged in 0.75 s!
   Relative residual: 9.218e-09
   φ range: [-3.238e-09, 0.000e+00] m²/s²
  [90/125] Current best: Δτ=-1.179e-12 N·m at (0.000, 0.000, -0.050) m

3D Poisson Solver
   Grid: 41×41×41 = 68,921 points
   Domain: [-0.3, 0.3]³ m
   Resolution: Δx=0.015 m
   Coupling: ξ=100.0
   Evaluating ρ(x) and Φ(x)...
   Computing G_eff(x)...
   G_eff range: [1.340e-11, 1.000e+00] × G
   Building 68921×68921 sparse system...
   Converting to CSR format...
   Matrix sparsity: 99.99% (nnz=424,835)
   Building diagonal preconditioner...
   Diagonal preconditioner setup: 0.001 s
   Solving with CG with DIAGONAL preconditioner...
   ✅ Converged in 0.65 s!
   Relative residual: 9.517e-09
   φ range: [-3.241e-09, 0.000e+00] m²/s²

3D Poisson Solver
   Grid: 41×41×41 = 68,921 points
   Domain: [-0.3, 0.3]³ m
   Resolution: Δx=0.015 m
   Coupling: ξ=100.0
   Evaluating ρ(x) and Φ(x)...
   Computing G_eff(x)...
   G_eff range: [1.000e+00, 1.000e+00] × G
   Building 68921×68921 sparse system...
   Converting to CSR format...
   Matrix sparsity: 99.99% (nnz=424,835)
   Building diagonal preconditioner...
   Diagonal preconditioner setup: 0.001 s
   Solving with CG with DIAGONAL preconditioner...
   ✅ Converged in 0.19 s!
   Relative residual: 9.218e-09
   φ range: [-3.238e-09, 0.000e+00] m²/s²

3D Poisson Solver
   Grid: 41×41×41 = 68,921 points
   Domain: [-0.3, 0.3]³ m
   Resolution: Δx=0.015 m
   Coupling: ξ=100.0
   Evaluating ρ(x) and Φ(x)...
   Computing G_eff(x)...
   G_eff range: [1.340e-11, 1.000e+00] × G
   Building 68921×68921 sparse system...
   Converting to CSR format...
   Matrix sparsity: 99.99% (nnz=424,835)
   Building diagonal preconditioner...
   Diagonal preconditioner setup: 0.001 s
   Solving with CG with DIAGONAL preconditioner...
   ✅ Converged in 0.31 s!
   Relative residual: 9.675e-09
   φ range: [-3.243e-09, 0.000e+00] m²/s²

3D Poisson Solver
   Grid: 41×41×41 = 68,921 points
   Domain: [-0.3, 0.3]³ m
   Resolution: Δx=0.015 m
   Coupling: ξ=100.0
   Evaluating ρ(x) and Φ(x)...
   Computing G_eff(x)...
   G_eff range: [1.000e+00, 1.000e+00] × G
   Building 68921×68921 sparse system...
   Converting to CSR format...
   Matrix sparsity: 99.99% (nnz=424,835)
   Building diagonal preconditioner...
   Diagonal preconditioner setup: 0.001 s
   Solving with CG with DIAGONAL preconditioner...
   ✅ Converged in 0.19 s!
   Relative residual: 9.218e-09
   φ range: [-3.238e-09, 0.000e+00] m²/s²

3D Poisson Solver
   Grid: 41×41×41 = 68,921 points
   Domain: [-0.3, 0.3]³ m
   Resolution: Δx=0.015 m
   Coupling: ξ=100.0
   Evaluating ρ(x) and Φ(x)...
   Computing G_eff(x)...
   G_eff range: [1.340e-11, 1.000e+00] × G
   Building 68921×68921 sparse system...
   Converting to CSR format...
   Matrix sparsity: 99.99% (nnz=424,835)
   Building diagonal preconditioner...
   Diagonal preconditioner setup: 0.001 s
   Solving with CG with DIAGONAL preconditioner...
   ✅ Converged in 0.84 s!
   Relative residual: 9.470e-09
   φ range: [-3.249e-09, 0.000e+00] m²/s²

3D Poisson Solver
   Grid: 41×41×41 = 68,921 points
   Domain: [-0.3, 0.3]³ m
   Resolution: Δx=0.015 m
   Coupling: ξ=100.0
   Evaluating ρ(x) and Φ(x)...
   Computing G_eff(x)...
   G_eff range: [1.000e+00, 1.000e+00] × G
   Building 68921×68921 sparse system...
   Converting to CSR format...
   Matrix sparsity: 99.99% (nnz=424,835)
   Building diagonal preconditioner...
   Diagonal preconditioner setup: 0.001 s
   Solving with CG with DIAGONAL preconditioner...
   ✅ Converged in 0.45 s!
   Relative residual: 9.218e-09
   φ range: [-3.238e-09, 0.000e+00] m²/s²

3D Poisson Solver
   Grid: 41×41×41 = 68,921 points
   Domain: [-0.3, 0.3]³ m
   Resolution: Δx=0.015 m
   Coupling: ξ=100.0
   Evaluating ρ(x) and Φ(x)...
   Computing G_eff(x)...
   G_eff range: [1.340e-11, 1.000e+00] × G
   Building 68921×68921 sparse system...
   Converting to CSR format...
   Matrix sparsity: 99.99% (nnz=424,835)
   Building diagonal preconditioner...
   Diagonal preconditioner setup: 0.001 s
   Solving with CG with DIAGONAL preconditioner...
   ✅ Converged in 0.62 s!
   Relative residual: 8.373e-09
   φ range: [-3.252e-09, 0.000e+00] m²/s²

3D Poisson Solver
   Grid: 41×41×41 = 68,921 points
   Domain: [-0.3, 0.3]³ m
   Resolution: Δx=0.015 m
   Coupling: ξ=100.0
   Evaluating ρ(x) and Φ(x)...
   Computing G_eff(x)...
   G_eff range: [1.000e+00, 1.000e+00] × G
   Building 68921×68921 sparse system...
   Converting to CSR format...
   Matrix sparsity: 99.99% (nnz=424,835)
   Building diagonal preconditioner...
   Diagonal preconditioner setup: 0.001 s
   Solving with CG with DIAGONAL preconditioner...
   ✅ Converged in 0.66 s!
   Relative residual: 9.218e-09
   φ range: [-3.238e-09, 0.000e+00] m²/s²